[08:37:22.492] Global cache location '/home/munyiri/.cache/typescript/4.8', safe file path '/home/munyiri/.emacs.d/.cache/lsp/npm/typescript/lib/node_modules/typescript/lib/typingSafeList.json', types map path /home/munyiri/.emacs.d/.cache/lsp/npm/typescript/lib/node_modules/typescript/lib/typesMap.json
[08:37:22.493] Processing cache location '/home/munyiri/.cache/typescript/4.8'
[08:37:22.493] Trying to find '/home/munyiri/.cache/typescript/4.8/package.json'...
[08:37:22.584] Loaded content of '/home/munyiri/.cache/typescript/4.8/package.json': {"private":true,"dependencies":{"types-registry":"^0.1.632"},"devDependencies":{"@types/babel__preset-env":"^7.9.2","@types/bluebird":"^3.5.38","@types/bootstrap":"^5.2.6","@types/ckeditor__ckeditor5-build-classic":"^29.0.1","@types/d":"^1.0.1","@types/fs-extra":"^11.0.1","@types/js-cookie":"^3.0.2","@types/mocha":"^10.0.1","@types/mz":"^2.7.4","@types/node":"^18.13.0","@types/q":"^1.5.5","@types/react":"^18.0.28","@types/react-cookies":"^0.1.0","@types/react-datetime-picker":"^3.4.1","@types/react-dom":"^18.0.11","@types/react-google-recaptcha":"^2.1.5","@types/react-redux":"^7.1.25","@types/react-router":"^5.1.20","@types/react-router-dom":"^5.3.3","@types/react-transition-group":"^4.4.5","@types/redux-mock-store":"^1.0.3","@types/rsvp":"^4.0.4","@types/testing-library__jest-dom":"^5.14.5","@types/when":"^2.4.34"}}
[08:37:22.585] Loaded content of '/home/munyiri/.cache/typescript/4.8/package-lock.json'
[08:37:22.705] Adding entry into typings cache: 'babel__preset-env' => '/home/munyiri/.cache/typescript/4.8/node_modules/@types/babel__preset-env/index.d.ts'
[08:37:22.771] Adding entry into typings cache: 'bluebird' => '/home/munyiri/.cache/typescript/4.8/node_modules/@types/bluebird/index.d.ts'
[08:37:22.845] Adding entry into typings cache: 'bootstrap' => '/home/munyiri/.cache/typescript/4.8/node_modules/@types/bootstrap/index.d.ts'
[08:37:22.942] Adding entry into typings cache: 'ckeditor__ckeditor5-build-classic' => '/home/munyiri/.cache/typescript/4.8/node_modules/@types/ckeditor__ckeditor5-build-classic/index.d.ts'
[08:37:22.985] Adding entry into typings cache: 'd' => '/home/munyiri/.cache/typescript/4.8/node_modules/@types/d/index.d.ts'
[08:37:22.990] Adding entry into typings cache: 'fs-extra' => '/home/munyiri/.cache/typescript/4.8/node_modules/@types/fs-extra/index.d.ts'
[08:37:23.010] Adding entry into typings cache: 'js-cookie' => '/home/munyiri/.cache/typescript/4.8/node_modules/@types/js-cookie/index.d.ts'
[08:37:23.013] Adding entry into typings cache: 'mocha' => '/home/munyiri/.cache/typescript/4.8/node_modules/@types/mocha/index.d.ts'
[08:37:23.022] Adding entry into typings cache: 'mz' => '/home/munyiri/.cache/typescript/4.8/node_modules/@types/mz/index.d.ts'
[08:37:23.031] Adding entry into typings cache: 'node' => '/home/munyiri/.cache/typescript/4.8/node_modules/@types/node/ts4.8/index.d.ts'
[08:37:23.033] Adding entry into typings cache: 'q' => '/home/munyiri/.cache/typescript/4.8/node_modules/@types/q/index.d.ts'
[08:37:23.037] Adding entry into typings cache: 'react' => '/home/munyiri/.cache/typescript/4.8/node_modules/@types/react/index.d.ts'
[08:37:23.038] Adding entry into typings cache: 'react-cookies' => '/home/munyiri/.cache/typescript/4.8/node_modules/@types/react-cookies/index.d.ts'
[08:37:23.039] Adding entry into typings cache: 'react-datetime-picker' => '/home/munyiri/.cache/typescript/4.8/node_modules/@types/react-datetime-picker/index.d.ts'
[08:37:23.040] Adding entry into typings cache: 'react-dom' => '/home/munyiri/.cache/typescript/4.8/node_modules/@types/react-dom/index.d.ts'
[08:37:23.041] Adding entry into typings cache: 'react-google-recaptcha' => '/home/munyiri/.cache/typescript/4.8/node_modules/@types/react-google-recaptcha/index.d.ts'
[08:37:23.043] Adding entry into typings cache: 'react-redux' => '/home/munyiri/.cache/typescript/4.8/node_modules/@types/react-redux/index.d.ts'
[08:37:23.100] Adding entry into typings cache: 'react-router' => '/home/munyiri/.cache/typescript/4.8/node_modules/@types/react-router/index.d.ts'
[08:37:23.102] Adding entry into typings cache: 'react-router-dom' => '/home/munyiri/.cache/typescript/4.8/node_modules/@types/react-router-dom/index.d.ts'
[08:37:23.103] Adding entry into typings cache: 'react-transition-group' => '/home/munyiri/.cache/typescript/4.8/node_modules/@types/react-transition-group/index.d.ts'
[08:37:23.104] Adding entry into typings cache: 'redux-mock-store' => '/home/munyiri/.cache/typescript/4.8/node_modules/@types/redux-mock-store/index.d.ts'
[08:37:23.105] Adding entry into typings cache: 'rsvp' => '/home/munyiri/.cache/typescript/4.8/node_modules/@types/rsvp/index.d.ts'
[08:37:23.140] Adding entry into typings cache: 'testing-library__jest-dom' => '/home/munyiri/.cache/typescript/4.8/node_modules/@types/testing-library__jest-dom/index.d.ts'
[08:37:23.142] Adding entry into typings cache: 'when' => '/home/munyiri/.cache/typescript/4.8/node_modules/@types/when/index.d.ts'
[08:37:23.142] Finished processing cache location '/home/munyiri/.cache/typescript/4.8'
[08:37:23.213] Process id: 145647
[08:37:23.213] NPM location: "/usr/bin/npm" (explicit '--npmLocation' not  provided)
[08:37:23.214] validateDefaultNpmLocation: true
[08:37:23.215] Npm config file: /home/munyiri/.cache/typescript/4.8/package.json
[08:37:23.216] Updating types-registry npm package...
[08:37:23.217] Exec: "/usr/bin/npm" install --ignore-scripts types-registry@latest
[08:37:37.861]     Succeeded. stdout:
    
    changed 1 package, and audited 141 packages in 5s

5 packages are looking for funding
  run `npm fund` for details

found 0 vulnerabilities

[08:37:37.861] Updated types-registry npm package
[08:37:37.902] Got install request {"projectName":"/dev/null/inferredProject1*","fileNames":["/home/munyiri/.emacs.d/.cache/lsp/npm/typescript/lib/node_modules/typescript/lib/lib.es5.d.ts","/home/munyiri/.emacs.d/.cache/lsp/npm/typescript/lib/node_modules/typescript/lib/lib.es2015.d.ts","/home/munyiri/.emacs.d/.cache/lsp/npm/typescript/lib/node_modules/typescript/lib/lib.es2016.d.ts","/home/munyiri/.emacs.d/.cache/lsp/npm/typescript/lib/node_modules/typescript/lib/lib.dom.d.ts","/home/munyiri/.emacs.d/.cache/lsp/npm/typescript/lib/node_modules/typescript/lib/lib.dom.iterable.d.ts","/home/munyiri/.emacs.d/.cache/lsp/npm/typescript/lib/node_modules/typescript/lib/lib.webworker.importscripts.d.ts","/home/munyiri/.emacs.d/.cache/lsp/npm/typescript/lib/node_modules/typescript/lib/lib.scripthost.d.ts","/home/munyiri/.emacs.d/.cache/lsp/npm/typescript/lib/node_modules/typescript/lib/lib.es2015.core.d.ts","/home/munyiri/.emacs.d/.cache/lsp/npm/typescript/lib/node_modules/typescript/lib/lib.es2015.collection.d.ts","/home/munyiri/.emacs.d/.cache/lsp/npm/typescript/lib/node_modules/typescript/lib/lib.es2015.generator.d.ts","/home/munyiri/.emacs.d/.cache/lsp/npm/typescript/lib/node_modules/typescript/lib/lib.es2015.iterable.d.ts","/home/munyiri/.emacs.d/.cache/lsp/npm/typescript/lib/node_modules/typescript/lib/lib.es2015.promise.d.ts","/home/munyiri/.emacs.d/.cache/lsp/npm/typescript/lib/node_modules/typescript/lib/lib.es2015.proxy.d.ts","/home/munyiri/.emacs.d/.cache/lsp/npm/typescript/lib/node_modules/typescript/lib/lib.es2015.reflect.d.ts","/home/munyiri/.emacs.d/.cache/lsp/npm/typescript/lib/node_modules/typescript/lib/lib.es2015.symbol.d.ts","/home/munyiri/.emacs.d/.cache/lsp/npm/typescript/lib/node_modules/typescript/lib/lib.es2015.symbol.wellknown.d.ts","/home/munyiri/.emacs.d/.cache/lsp/npm/typescript/lib/node_modules/typescript/lib/lib.es2016.array.include.d.ts","/home/munyiri/.emacs.d/.cache/lsp/npm/typescript/lib/node_modules/typescript/lib/lib.es2016.full.d.ts","/home/munyiri/Test/TrackMyApplications/frontend/src/setToken.js","/home/munyiri/Test/TrackMyApplications/frontend/src/redux/logged.js","/home/munyiri/Test/TrackMyApplications/frontend/src/MyStats.js"],"compilerOptions":{"module":1,"target":3,"jsx":1,"allowJs":true,"allowSyntheticDefaultImports":true,"allowNonTsExtensions":true,"noEmitForJsFiles":true,"maxNodeModuleJsDepth":2},"typeAcquisition":{"enable":true,"include":[],"exclude":[]},"unresolvedImports":["@reduxjs/toolkit","axios","react-spinners"],"projectRootPath":"/home/munyiri/Test/TrackMyApplications","kind":"discover"}
[08:37:37.920] Loaded safelist from types map file '/home/munyiri/.emacs.d/.cache/lsp/npm/typescript/lib/node_modules/typescript/lib/typesMap.json'
[08:37:37.921] Explicitly included types: []
[08:37:37.922] Inferred typings from unresolved imports: ["@reduxjs/toolkit","axios","react-spinners"]
[08:37:37.922] Result: {"cachedTypingPaths":[],"newTypingNames":["@reduxjs/toolkit","axios","react-spinners"],"filesToWatch":["/home/munyiri/Test/TrackMyApplications/frontend/src/bower_components","/home/munyiri/Test/TrackMyApplications/frontend/src/node_modules","/home/munyiri/Test/TrackMyApplications/frontend/src/redux/bower_components","/home/munyiri/Test/TrackMyApplications/frontend/src/redux/node_modules","/home/munyiri/Test/TrackMyApplications/bower_components","/home/munyiri/Test/TrackMyApplications/node_modules"]}
[08:37:37.922] Finished typings discovery: {"cachedTypingPaths":[],"newTypingNames":["@reduxjs/toolkit","axios","react-spinners"],"filesToWatch":["/home/munyiri/Test/TrackMyApplications/frontend/src/bower_components","/home/munyiri/Test/TrackMyApplications/frontend/src/node_modules","/home/munyiri/Test/TrackMyApplications/frontend/src/redux/bower_components","/home/munyiri/Test/TrackMyApplications/frontend/src/redux/node_modules","/home/munyiri/Test/TrackMyApplications/bower_components","/home/munyiri/Test/TrackMyApplications/node_modules"]}
[08:37:37.922] DirectoryWatcher:: Added:: WatchInfo: /home/munyiri/Test/TrackMyApplications/frontend
[08:37:37.922] DirectoryWatcher:: Added:: WatchInfo: /home/munyiri/Test/TrackMyApplications/frontend 1 undefined Project: /dev/null/inferredProject1* watcher already invoked: false
[08:37:37.925] Elapsed:: 2.5208590030670166ms DirectoryWatcher:: Added:: WatchInfo: /home/munyiri/Test/TrackMyApplications/frontend 1 undefined Project: /dev/null/inferredProject1* watcher already invoked: false
[08:37:37.925] DirectoryWatcher:: Added:: WatchInfo: /home/munyiri/Test/TrackMyApplications/bower_components
[08:37:37.925] DirectoryWatcher:: Added:: WatchInfo: /home/munyiri/Test/TrackMyApplications/bower_components 1 undefined Project: /dev/null/inferredProject1* watcher already invoked: false
[08:37:37.926] Elapsed:: 0.7381410002708435ms DirectoryWatcher:: Added:: WatchInfo: /home/munyiri/Test/TrackMyApplications/bower_components 1 undefined Project: /dev/null/inferredProject1* watcher already invoked: false
[08:37:37.926] DirectoryWatcher:: Added:: WatchInfo: /home/munyiri/Test/TrackMyApplications/node_modules
[08:37:37.926] DirectoryWatcher:: Added:: WatchInfo: /home/munyiri/Test/TrackMyApplications/node_modules 1 undefined Project: /dev/null/inferredProject1* watcher already invoked: false
[08:37:37.926] Elapsed:: 0.10718101263046265ms DirectoryWatcher:: Added:: WatchInfo: /home/munyiri/Test/TrackMyApplications/node_modules 1 undefined Project: /dev/null/inferredProject1* watcher already invoked: false
[08:37:37.927] Installing typings ["@reduxjs/toolkit","axios","react-spinners"]
[08:37:37.927] '@reduxjs/toolkit':: Entry for package 'reduxjs__toolkit' does not exist in local types registry - skipping...
[08:37:37.927] 'axios':: Entry for package 'axios' does not exist in local types registry - skipping...
[08:37:37.927] 'react-spinners':: Entry for package 'react-spinners' does not exist in local types registry - skipping...
[08:37:37.927] All typings are known to be missing or invalid - no need to install more typings
[08:37:37.927] Sending response:
    {"projectName":"/dev/null/inferredProject1*","typeAcquisition":{"enable":true,"include":[],"exclude":[]},"compilerOptions":{"module":1,"target":3,"jsx":1,"allowJs":true,"allowSyntheticDefaultImports":true,"allowNonTsExtensions":true,"noEmitForJsFiles":true,"maxNodeModuleJsDepth":2},"typings":[],"unresolvedImports":["@reduxjs/toolkit","axios","react-spinners"],"kind":"action::set"}
[08:37:37.927] Response has been sent.
[08:38:14.500] sysLog:: onTimerToUpdateChildWatches:: 1
[08:38:14.503] sysLog:: invokingWatchers:: Elapsed:: 2.5386780202388763ms:: 0
[08:38:14.504] DirectoryWatcher:: Triggered with /home/munyiri/Test/TrackMyApplications/frontend/src/#MyStats.js# 0:: WatchInfo: /home/munyiri/Test/TrackMyApplications/frontend 1 undefined Project: /dev/null/inferredProject1* watcher already invoked: false
[08:38:14.505] Elapsed:: 0.32183000445365906ms DirectoryWatcher:: Triggered with /home/munyiri/Test/TrackMyApplications/frontend/src/#MyStats.js# 0:: WatchInfo: /home/munyiri/Test/TrackMyApplications/frontend 1 undefined Project: /dev/null/inferredProject1* watcher already invoked: false
[08:38:14.505] sysLog:: Elapsed:: 4.598003000020981ms:: onTimerToUpdateChildWatches:: 0 undefined
[08:39:10.091] sysLog:: onTimerToUpdateChildWatches:: 1
[08:39:10.091] sysLog:: invokingWatchers:: Elapsed:: 0.3658609986305237ms:: 0
[08:39:10.091] DirectoryWatcher:: Triggered with /home/munyiri/Test/TrackMyApplications/frontend/src/#MyStats.js# 0:: WatchInfo: /home/munyiri/Test/TrackMyApplications/frontend 1 undefined Project: /dev/null/inferredProject1* watcher already invoked: false
[08:39:10.091] Elapsed:: 0.014126002788543701ms DirectoryWatcher:: Triggered with /home/munyiri/Test/TrackMyApplications/frontend/src/#MyStats.js# 0:: WatchInfo: /home/munyiri/Test/TrackMyApplications/frontend 1 undefined Project: /dev/null/inferredProject1* watcher already invoked: false
[08:39:10.091] sysLog:: Elapsed:: 0.6322270035743713ms:: onTimerToUpdateChildWatches:: 0 undefined
