[15:25:39.601] Global cache location '/home/munyiri/.cache/typescript/4.8', safe file path '/home/munyiri/.emacs.d/.cache/lsp/npm/typescript/lib/node_modules/typescript/lib/typingSafeList.json', types map path /home/munyiri/.emacs.d/.cache/lsp/npm/typescript/lib/node_modules/typescript/lib/typesMap.json
[15:25:39.602] Processing cache location '/home/munyiri/.cache/typescript/4.8'
[15:25:39.602] Trying to find '/home/munyiri/.cache/typescript/4.8/package.json'...
[15:25:39.651] Loaded content of '/home/munyiri/.cache/typescript/4.8/package.json': {"private":true,"dependencies":{"types-registry":"^0.1.628"},"devDependencies":{"@types/bootstrap":"^5.2.6","@types/ckeditor__ckeditor5-build-classic":"^29.0.1","@types/js-cookie":"^3.0.2","@types/react":"^18.0.27","@types/react-cookies":"^0.1.0","@types/react-datetime-picker":"^3.4.1","@types/react-dom":"^18.0.10","@types/react-google-recaptcha":"^2.1.5","@types/react-redux":"^7.1.24","@types/react-router-dom":"^5.3.3","@types/testing-library__jest-dom":"^5.14.5"}}
[15:25:39.651] Loaded content of '/home/munyiri/.cache/typescript/4.8/package-lock.json'
[15:25:39.807] Adding entry into typings cache: 'bootstrap' => '/home/munyiri/.cache/typescript/4.8/node_modules/@types/bootstrap/index.d.ts'
[15:25:39.890] Adding entry into typings cache: 'ckeditor__ckeditor5-build-classic' => '/home/munyiri/.cache/typescript/4.8/node_modules/@types/ckeditor__ckeditor5-build-classic/index.d.ts'
[15:25:39.906] Adding entry into typings cache: 'js-cookie' => '/home/munyiri/.cache/typescript/4.8/node_modules/@types/js-cookie/index.d.ts'
[15:25:39.915] Adding entry into typings cache: 'react' => '/home/munyiri/.cache/typescript/4.8/node_modules/@types/react/index.d.ts'
[15:25:39.923] Adding entry into typings cache: 'react-cookies' => '/home/munyiri/.cache/typescript/4.8/node_modules/@types/react-cookies/index.d.ts'
[15:25:39.936] Adding entry into typings cache: 'react-datetime-picker' => '/home/munyiri/.cache/typescript/4.8/node_modules/@types/react-datetime-picker/index.d.ts'
[15:25:39.968] Adding entry into typings cache: 'react-dom' => '/home/munyiri/.cache/typescript/4.8/node_modules/@types/react-dom/index.d.ts'
[15:25:39.983] Adding entry into typings cache: 'react-google-recaptcha' => '/home/munyiri/.cache/typescript/4.8/node_modules/@types/react-google-recaptcha/index.d.ts'
[15:25:39.988] Adding entry into typings cache: 'react-redux' => '/home/munyiri/.cache/typescript/4.8/node_modules/@types/react-redux/index.d.ts'
[15:25:39.991] Adding entry into typings cache: 'react-router-dom' => '/home/munyiri/.cache/typescript/4.8/node_modules/@types/react-router-dom/index.d.ts'
[15:25:39.993] Adding entry into typings cache: 'testing-library__jest-dom' => '/home/munyiri/.cache/typescript/4.8/node_modules/@types/testing-library__jest-dom/index.d.ts'
[15:25:39.993] Finished processing cache location '/home/munyiri/.cache/typescript/4.8'
[15:25:39.993] Process id: 63517
[15:25:39.994] NPM location: "/usr/bin/npm" (explicit '--npmLocation' not  provided)
[15:25:39.994] validateDefaultNpmLocation: true
[15:25:39.994] Npm config file: /home/munyiri/.cache/typescript/4.8/package.json
[15:25:39.994] Updating types-registry npm package...
[15:25:39.994] Exec: "/usr/bin/npm" install --ignore-scripts types-registry@latest
[15:25:47.311]     Succeeded. stdout:
    
    up to date, audited 129 packages in 7s

5 packages are looking for funding
  run `npm fund` for details

found 0 vulnerabilities

[15:25:47.311] Updated types-registry npm package
[15:25:47.382] Got install request {"projectName":"/dev/null/inferredProject1*","fileNames":["/home/munyiri/.emacs.d/.cache/lsp/npm/typescript/lib/node_modules/typescript/lib/lib.es5.d.ts","/home/munyiri/.emacs.d/.cache/lsp/npm/typescript/lib/node_modules/typescript/lib/lib.es2015.d.ts","/home/munyiri/.emacs.d/.cache/lsp/npm/typescript/lib/node_modules/typescript/lib/lib.es2016.d.ts","/home/munyiri/.emacs.d/.cache/lsp/npm/typescript/lib/node_modules/typescript/lib/lib.dom.d.ts","/home/munyiri/.emacs.d/.cache/lsp/npm/typescript/lib/node_modules/typescript/lib/lib.dom.iterable.d.ts","/home/munyiri/.emacs.d/.cache/lsp/npm/typescript/lib/node_modules/typescript/lib/lib.webworker.importscripts.d.ts","/home/munyiri/.emacs.d/.cache/lsp/npm/typescript/lib/node_modules/typescript/lib/lib.scripthost.d.ts","/home/munyiri/.emacs.d/.cache/lsp/npm/typescript/lib/node_modules/typescript/lib/lib.es2015.core.d.ts","/home/munyiri/.emacs.d/.cache/lsp/npm/typescript/lib/node_modules/typescript/lib/lib.es2015.collection.d.ts","/home/munyiri/.emacs.d/.cache/lsp/npm/typescript/lib/node_modules/typescript/lib/lib.es2015.generator.d.ts","/home/munyiri/.emacs.d/.cache/lsp/npm/typescript/lib/node_modules/typescript/lib/lib.es2015.iterable.d.ts","/home/munyiri/.emacs.d/.cache/lsp/npm/typescript/lib/node_modules/typescript/lib/lib.es2015.promise.d.ts","/home/munyiri/.emacs.d/.cache/lsp/npm/typescript/lib/node_modules/typescript/lib/lib.es2015.proxy.d.ts","/home/munyiri/.emacs.d/.cache/lsp/npm/typescript/lib/node_modules/typescript/lib/lib.es2015.reflect.d.ts","/home/munyiri/.emacs.d/.cache/lsp/npm/typescript/lib/node_modules/typescript/lib/lib.es2015.symbol.d.ts","/home/munyiri/.emacs.d/.cache/lsp/npm/typescript/lib/node_modules/typescript/lib/lib.es2015.symbol.wellknown.d.ts","/home/munyiri/.emacs.d/.cache/lsp/npm/typescript/lib/node_modules/typescript/lib/lib.es2016.array.include.d.ts","/home/munyiri/.emacs.d/.cache/lsp/npm/typescript/lib/node_modules/typescript/lib/lib.es2016.full.d.ts","/home/munyiri/newjobapps/frontend/src/setToken.js","/home/munyiri/newjobapps/frontend/src/redux/logged.js","/home/munyiri/newjobapps/frontend/src/Addapplication.js"],"compilerOptions":{"module":1,"target":3,"jsx":1,"allowJs":true,"allowSyntheticDefaultImports":true,"allowNonTsExtensions":true,"noEmitForJsFiles":true,"maxNodeModuleJsDepth":2},"typeAcquisition":{"enable":true,"include":[],"exclude":[]},"unresolvedImports":["@reduxjs/toolkit","axios","react-notifications"],"projectRootPath":"/home/munyiri/newjobapps/frontend","kind":"discover"}
[15:25:47.399] Loaded safelist from types map file '/home/munyiri/.emacs.d/.cache/lsp/npm/typescript/lib/node_modules/typescript/lib/typesMap.json'
[15:25:47.399] Explicitly included types: []
[15:25:47.402] Typing names in '/home/munyiri/newjobapps/frontend/package.json' dependencies: ["@emotion/react","@emotion/styled","@mui/icons-material","@mui/material","@reduxjs/toolkit","@testing-library/jest-dom","@testing-library/react","@testing-library/user-event","axios","flowbite","react","react-datetime-picker","react-dom","react-notifications","react-redux","react-router","react-router-dom","react-scripts","react-spinners","redux-persist","web-vitals","autoprefixer","postcss","tailwindcss"]
[15:25:47.402] Inferred typings from unresolved imports: ["@reduxjs/toolkit","axios","react-notifications"]
[15:25:47.403] Result: {"cachedTypingPaths":["/home/munyiri/.cache/typescript/4.8/node_modules/@types/react/index.d.ts","/home/munyiri/.cache/typescript/4.8/node_modules/@types/react-datetime-picker/index.d.ts","/home/munyiri/.cache/typescript/4.8/node_modules/@types/react-dom/index.d.ts","/home/munyiri/.cache/typescript/4.8/node_modules/@types/react-router-dom/index.d.ts"],"newTypingNames":["@emotion/react","@emotion/styled","@mui/icons-material","@mui/material","@reduxjs/toolkit","@testing-library/jest-dom","@testing-library/react","@testing-library/user-event","axios","flowbite","react-notifications","react-redux","react-router","react-scripts","react-spinners","redux-persist","web-vitals","autoprefixer","postcss","tailwindcss"],"filesToWatch":["/home/munyiri/newjobapps/frontend/src/bower_components","/home/munyiri/newjobapps/frontend/src/node_modules","/home/munyiri/newjobapps/frontend/src/redux/bower_components","/home/munyiri/newjobapps/frontend/src/redux/node_modules","/home/munyiri/newjobapps/frontend/bower_components","/home/munyiri/newjobapps/frontend/package.json","/home/munyiri/newjobapps/frontend/node_modules"]}
[15:25:47.403] Finished typings discovery: {"cachedTypingPaths":["/home/munyiri/.cache/typescript/4.8/node_modules/@types/react/index.d.ts","/home/munyiri/.cache/typescript/4.8/node_modules/@types/react-datetime-picker/index.d.ts","/home/munyiri/.cache/typescript/4.8/node_modules/@types/react-dom/index.d.ts","/home/munyiri/.cache/typescript/4.8/node_modules/@types/react-router-dom/index.d.ts"],"newTypingNames":["@emotion/react","@emotion/styled","@mui/icons-material","@mui/material","@reduxjs/toolkit","@testing-library/jest-dom","@testing-library/react","@testing-library/user-event","axios","flowbite","react-notifications","react-redux","react-router","react-scripts","react-spinners","redux-persist","web-vitals","autoprefixer","postcss","tailwindcss"],"filesToWatch":["/home/munyiri/newjobapps/frontend/src/bower_components","/home/munyiri/newjobapps/frontend/src/node_modules","/home/munyiri/newjobapps/frontend/src/redux/bower_components","/home/munyiri/newjobapps/frontend/src/redux/node_modules","/home/munyiri/newjobapps/frontend/bower_components","/home/munyiri/newjobapps/frontend/package.json","/home/munyiri/newjobapps/frontend/node_modules"]}
[15:25:47.403] DirectoryWatcher:: Added:: WatchInfo: /home/munyiri/newjobapps/frontend/src
[15:25:47.403] DirectoryWatcher:: Added:: WatchInfo: /home/munyiri/newjobapps/frontend/src 1 undefined Project: /dev/null/inferredProject1* watcher already invoked: false
[15:25:47.406] Elapsed:: 1.959856003522873ms DirectoryWatcher:: Added:: WatchInfo: /home/munyiri/newjobapps/frontend/src 1 undefined Project: /dev/null/inferredProject1* watcher already invoked: false
[15:25:47.406] DirectoryWatcher:: Added:: WatchInfo: /home/munyiri/newjobapps/frontend/bower_components
[15:25:47.406] DirectoryWatcher:: Added:: WatchInfo: /home/munyiri/newjobapps/frontend/bower_components 1 undefined Project: /dev/null/inferredProject1* watcher already invoked: false
[15:25:47.407] Elapsed:: 1.1721530258655548ms DirectoryWatcher:: Added:: WatchInfo: /home/munyiri/newjobapps/frontend/bower_components 1 undefined Project: /dev/null/inferredProject1* watcher already invoked: false
[15:25:47.407] FileWatcher:: Added:: WatchInfo: /home/munyiri/newjobapps/frontend/package.json
[15:25:47.407] FileWatcher:: Added:: WatchInfo: /home/munyiri/newjobapps/frontend/package.json 2000 undefined Project: /dev/null/inferredProject1* watcher already invoked: false
[15:25:47.408] DirectoryWatcher:: Added:: WatchInfo: /home/munyiri/newjobapps/frontend/node_modules
[15:25:47.408] DirectoryWatcher:: Added:: WatchInfo: /home/munyiri/newjobapps/frontend/node_modules 1 undefined Project: /dev/null/inferredProject1* watcher already invoked: false
[15:25:47.408] Elapsed:: 0.08964499831199646ms DirectoryWatcher:: Added:: WatchInfo: /home/munyiri/newjobapps/frontend/node_modules 1 undefined Project: /dev/null/inferredProject1* watcher already invoked: false
[15:25:47.408] Installing typings ["@emotion/react","@emotion/styled","@mui/icons-material","@mui/material","@reduxjs/toolkit","@testing-library/jest-dom","@testing-library/react","@testing-library/user-event","axios","flowbite","react-notifications","react-redux","react-router","react-scripts","react-spinners","redux-persist","web-vitals","autoprefixer","postcss","tailwindcss"]
[15:25:47.408] '@emotion/react':: Entry for package 'emotion__react' does not exist in local types registry - skipping...
[15:25:47.408] '@emotion/styled':: Entry for package 'emotion__styled' does not exist in local types registry - skipping...
[15:25:47.408] '@mui/icons-material':: Entry for package 'mui__icons-material' does not exist in local types registry - skipping...
[15:25:47.408] '@mui/material':: Entry for package 'mui__material' does not exist in local types registry - skipping...
[15:25:47.408] '@reduxjs/toolkit':: Entry for package 'reduxjs__toolkit' does not exist in local types registry - skipping...
[15:25:47.409] '@testing-library/jest-dom':: 'testing-library__jest-dom' already has an up-to-date typing - skipping...
[15:25:47.409] '@testing-library/react':: Entry for package 'testing-library__react' does not exist in local types registry - skipping...
[15:25:47.409] '@testing-library/user-event':: Entry for package 'testing-library__user-event' does not exist in local types registry - skipping...
[15:25:47.409] 'axios':: Entry for package 'axios' does not exist in local types registry - skipping...
[15:25:47.409] 'flowbite':: Entry for package 'flowbite' does not exist in local types registry - skipping...
[15:25:47.409] 'react-notifications':: Entry for package 'react-notifications' does not exist in local types registry - skipping...
[15:25:47.409] 'react-scripts':: Entry for package 'react-scripts' does not exist in local types registry - skipping...
[15:25:47.409] 'react-spinners':: Entry for package 'react-spinners' does not exist in local types registry - skipping...
[15:25:47.409] 'redux-persist':: Entry for package 'redux-persist' does not exist in local types registry - skipping...
[15:25:47.409] 'web-vitals':: Entry for package 'web-vitals' does not exist in local types registry - skipping...
[15:25:47.409] 'autoprefixer':: Entry for package 'autoprefixer' does not exist in local types registry - skipping...
[15:25:47.409] 'postcss':: Entry for package 'postcss' does not exist in local types registry - skipping...
[15:25:47.409] 'tailwindcss':: Entry for package 'tailwindcss' does not exist in local types registry - skipping...
[15:25:47.409] Npm config file: /home/munyiri/.cache/typescript/4.8/package.json
[15:25:47.409] Sending response:
    {"kind":"event::beginInstallTypes","eventId":1,"typingsInstallerVersion":"4.8.3","projectName":"/dev/null/inferredProject1*"}
[15:25:47.409] Response has been sent.
[15:25:47.410] #1 with arguments'["@types/react-redux@ts4.8","@types/react-router@ts4.8"]'.
[15:25:47.410] Exec: "/usr/bin/npm" install --ignore-scripts @types/react-redux@ts4.8 @types/react-router@ts4.8 --save-dev --user-agent="typesInstaller/4.8.3"
[15:25:53.225]     Succeeded. stdout:
    
    changed 2 packages, and audited 129 packages in 6s

5 packages are looking for funding
  run `npm fund` for details

found 0 vulnerabilities

[15:25:53.225] npm install #1 took: 5815 ms
[15:25:53.225] Installed typings ["@types/react-redux@ts4.8","@types/react-router@ts4.8"]
[15:25:53.231] Installed typing files ["/home/munyiri/.cache/typescript/4.8/node_modules/@types/react-redux/index.d.ts","/home/munyiri/.cache/typescript/4.8/node_modules/@types/react-router/index.d.ts"]
[15:25:53.231] Sending response:
    {"projectName":"/dev/null/inferredProject1*","typeAcquisition":{"enable":true,"include":[],"exclude":[]},"compilerOptions":{"module":1,"target":3,"jsx":1,"allowJs":true,"allowSyntheticDefaultImports":true,"allowNonTsExtensions":true,"noEmitForJsFiles":true,"maxNodeModuleJsDepth":2},"typings":["/home/munyiri/.cache/typescript/4.8/node_modules/@types/react/index.d.ts","/home/munyiri/.cache/typescript/4.8/node_modules/@types/react-datetime-picker/index.d.ts","/home/munyiri/.cache/typescript/4.8/node_modules/@types/react-dom/index.d.ts","/home/munyiri/.cache/typescript/4.8/node_modules/@types/react-router-dom/index.d.ts","/home/munyiri/.cache/typescript/4.8/node_modules/@types/react-redux/index.d.ts","/home/munyiri/.cache/typescript/4.8/node_modules/@types/react-router/index.d.ts"],"unresolvedImports":["@reduxjs/toolkit","axios","react-notifications"],"kind":"action::set"}
[15:25:53.232] Response has been sent.
[15:25:53.232] Sending response:
    {"kind":"event::endInstallTypes","eventId":1,"projectName":"/dev/null/inferredProject1*","packagesToInstall":["@types/react-redux@ts4.8","@types/react-router@ts4.8"],"installSuccess":true,"typingsInstallerVersion":"4.8.3"}
[15:25:53.232] Response has been sent.
[15:25:53.232] Got install request {"projectName":"/dev/null/inferredProject1*","fileNames":["/home/munyiri/.emacs.d/.cache/lsp/npm/typescript/lib/node_modules/typescript/lib/lib.es5.d.ts","/home/munyiri/.emacs.d/.cache/lsp/npm/typescript/lib/node_modules/typescript/lib/lib.es2015.d.ts","/home/munyiri/.emacs.d/.cache/lsp/npm/typescript/lib/node_modules/typescript/lib/lib.es2016.d.ts","/home/munyiri/.emacs.d/.cache/lsp/npm/typescript/lib/node_modules/typescript/lib/lib.dom.d.ts","/home/munyiri/.emacs.d/.cache/lsp/npm/typescript/lib/node_modules/typescript/lib/lib.dom.iterable.d.ts","/home/munyiri/.emacs.d/.cache/lsp/npm/typescript/lib/node_modules/typescript/lib/lib.webworker.importscripts.d.ts","/home/munyiri/.emacs.d/.cache/lsp/npm/typescript/lib/node_modules/typescript/lib/lib.scripthost.d.ts","/home/munyiri/.emacs.d/.cache/lsp/npm/typescript/lib/node_modules/typescript/lib/lib.es2015.core.d.ts","/home/munyiri/.emacs.d/.cache/lsp/npm/typescript/lib/node_modules/typescript/lib/lib.es2015.collection.d.ts","/home/munyiri/.emacs.d/.cache/lsp/npm/typescript/lib/node_modules/typescript/lib/lib.es2015.generator.d.ts","/home/munyiri/.emacs.d/.cache/lsp/npm/typescript/lib/node_modules/typescript/lib/lib.es2015.iterable.d.ts","/home/munyiri/.emacs.d/.cache/lsp/npm/typescript/lib/node_modules/typescript/lib/lib.es2015.promise.d.ts","/home/munyiri/.emacs.d/.cache/lsp/npm/typescript/lib/node_modules/typescript/lib/lib.es2015.proxy.d.ts","/home/munyiri/.emacs.d/.cache/lsp/npm/typescript/lib/node_modules/typescript/lib/lib.es2015.reflect.d.ts","/home/munyiri/.emacs.d/.cache/lsp/npm/typescript/lib/node_modules/typescript/lib/lib.es2015.symbol.d.ts","/home/munyiri/.emacs.d/.cache/lsp/npm/typescript/lib/node_modules/typescript/lib/lib.es2015.symbol.wellknown.d.ts","/home/munyiri/.emacs.d/.cache/lsp/npm/typescript/lib/node_modules/typescript/lib/lib.es2016.array.include.d.ts","/home/munyiri/.emacs.d/.cache/lsp/npm/typescript/lib/node_modules/typescript/lib/lib.es2016.full.d.ts","/home/munyiri/newjobapps/frontend/src/setToken.js","/home/munyiri/newjobapps/frontend/src/redux/logged.js","/home/munyiri/newjobapps/frontend/src/Addapplication.js"],"compilerOptions":{"module":1,"target":3,"jsx":1,"allowJs":true,"allowSyntheticDefaultImports":true,"allowNonTsExtensions":true,"noEmitForJsFiles":true,"maxNodeModuleJsDepth":2},"typeAcquisition":{"enable":true,"include":[],"exclude":[]},"unresolvedImports":["@reduxjs/toolkit","axios","react-notifications","react-redux"],"projectRootPath":"/home/munyiri/newjobapps/frontend","kind":"discover"}
[15:25:53.232] Explicitly included types: []
[15:25:53.234] Typing names in '/home/munyiri/newjobapps/frontend/package.json' dependencies: ["@emotion/react","@emotion/styled","@mui/icons-material","@mui/material","@reduxjs/toolkit","@testing-library/jest-dom","@testing-library/react","@testing-library/user-event","axios","flowbite","react","react-datetime-picker","react-dom","react-notifications","react-redux","react-router","react-router-dom","react-scripts","react-spinners","redux-persist","web-vitals","autoprefixer","postcss","tailwindcss"]
[15:25:53.234] Inferred typings from unresolved imports: ["@reduxjs/toolkit","axios","react-notifications","react-redux"]
[15:25:53.235] Result: {"cachedTypingPaths":["/home/munyiri/.cache/typescript/4.8/node_modules/@types/react/index.d.ts","/home/munyiri/.cache/typescript/4.8/node_modules/@types/react-datetime-picker/index.d.ts","/home/munyiri/.cache/typescript/4.8/node_modules/@types/react-dom/index.d.ts","/home/munyiri/.cache/typescript/4.8/node_modules/@types/react-redux/index.d.ts","/home/munyiri/.cache/typescript/4.8/node_modules/@types/react-router/index.d.ts","/home/munyiri/.cache/typescript/4.8/node_modules/@types/react-router-dom/index.d.ts"],"newTypingNames":["@emotion/react","@emotion/styled","@mui/icons-material","@mui/material","@reduxjs/toolkit","@testing-library/jest-dom","@testing-library/react","@testing-library/user-event","axios","flowbite","react-notifications","react-scripts","react-spinners","redux-persist","web-vitals","autoprefixer","postcss","tailwindcss"],"filesToWatch":["/home/munyiri/newjobapps/frontend/src/bower_components","/home/munyiri/newjobapps/frontend/src/node_modules","/home/munyiri/newjobapps/frontend/src/redux/bower_components","/home/munyiri/newjobapps/frontend/src/redux/node_modules","/home/munyiri/newjobapps/frontend/bower_components","/home/munyiri/newjobapps/frontend/package.json","/home/munyiri/newjobapps/frontend/node_modules"]}
[15:25:53.235] Finished typings discovery: {"cachedTypingPaths":["/home/munyiri/.cache/typescript/4.8/node_modules/@types/react/index.d.ts","/home/munyiri/.cache/typescript/4.8/node_modules/@types/react-datetime-picker/index.d.ts","/home/munyiri/.cache/typescript/4.8/node_modules/@types/react-dom/index.d.ts","/home/munyiri/.cache/typescript/4.8/node_modules/@types/react-redux/index.d.ts","/home/munyiri/.cache/typescript/4.8/node_modules/@types/react-router/index.d.ts","/home/munyiri/.cache/typescript/4.8/node_modules/@types/react-router-dom/index.d.ts"],"newTypingNames":["@emotion/react","@emotion/styled","@mui/icons-material","@mui/material","@reduxjs/toolkit","@testing-library/jest-dom","@testing-library/react","@testing-library/user-event","axios","flowbite","react-notifications","react-scripts","react-spinners","redux-persist","web-vitals","autoprefixer","postcss","tailwindcss"],"filesToWatch":["/home/munyiri/newjobapps/frontend/src/bower_components","/home/munyiri/newjobapps/frontend/src/node_modules","/home/munyiri/newjobapps/frontend/src/redux/bower_components","/home/munyiri/newjobapps/frontend/src/redux/node_modules","/home/munyiri/newjobapps/frontend/bower_components","/home/munyiri/newjobapps/frontend/package.json","/home/munyiri/newjobapps/frontend/node_modules"]}
[15:25:53.235] Installing typings ["@emotion/react","@emotion/styled","@mui/icons-material","@mui/material","@reduxjs/toolkit","@testing-library/jest-dom","@testing-library/react","@testing-library/user-event","axios","flowbite","react-notifications","react-scripts","react-spinners","redux-persist","web-vitals","autoprefixer","postcss","tailwindcss"]
[15:25:53.235] '@emotion/react':: Entry for package 'emotion__react' does not exist in local types registry - skipping...
[15:25:53.235] '@emotion/styled':: Entry for package 'emotion__styled' does not exist in local types registry - skipping...
[15:25:53.235] '@mui/icons-material':: Entry for package 'mui__icons-material' does not exist in local types registry - skipping...
[15:25:53.235] '@mui/material':: Entry for package 'mui__material' does not exist in local types registry - skipping...
[15:25:53.235] '@reduxjs/toolkit':: Entry for package 'reduxjs__toolkit' does not exist in local types registry - skipping...
[15:25:53.235] '@testing-library/jest-dom':: 'testing-library__jest-dom' already has an up-to-date typing - skipping...
[15:25:53.235] '@testing-library/react':: Entry for package 'testing-library__react' does not exist in local types registry - skipping...
[15:25:53.235] '@testing-library/user-event':: Entry for package 'testing-library__user-event' does not exist in local types registry - skipping...
[15:25:53.235] 'axios':: Entry for package 'axios' does not exist in local types registry - skipping...
[15:25:53.235] 'flowbite':: Entry for package 'flowbite' does not exist in local types registry - skipping...
[15:25:53.235] 'react-notifications':: Entry for package 'react-notifications' does not exist in local types registry - skipping...
[15:25:53.235] 'react-scripts':: Entry for package 'react-scripts' does not exist in local types registry - skipping...
[15:25:53.235] 'react-spinners':: Entry for package 'react-spinners' does not exist in local types registry - skipping...
[15:25:53.235] 'redux-persist':: Entry for package 'redux-persist' does not exist in local types registry - skipping...
[15:25:53.235] 'web-vitals':: Entry for package 'web-vitals' does not exist in local types registry - skipping...
[15:25:53.235] 'autoprefixer':: Entry for package 'autoprefixer' does not exist in local types registry - skipping...
[15:25:53.235] 'postcss':: Entry for package 'postcss' does not exist in local types registry - skipping...
[15:25:53.235] 'tailwindcss':: Entry for package 'tailwindcss' does not exist in local types registry - skipping...
[15:25:53.235] All typings are known to be missing or invalid - no need to install more typings
[15:25:53.235] Sending response:
    {"projectName":"/dev/null/inferredProject1*","typeAcquisition":{"enable":true,"include":[],"exclude":[]},"compilerOptions":{"module":1,"target":3,"jsx":1,"allowJs":true,"allowSyntheticDefaultImports":true,"allowNonTsExtensions":true,"noEmitForJsFiles":true,"maxNodeModuleJsDepth":2},"typings":["/home/munyiri/.cache/typescript/4.8/node_modules/@types/react/index.d.ts","/home/munyiri/.cache/typescript/4.8/node_modules/@types/react-datetime-picker/index.d.ts","/home/munyiri/.cache/typescript/4.8/node_modules/@types/react-dom/index.d.ts","/home/munyiri/.cache/typescript/4.8/node_modules/@types/react-redux/index.d.ts","/home/munyiri/.cache/typescript/4.8/node_modules/@types/react-router/index.d.ts","/home/munyiri/.cache/typescript/4.8/node_modules/@types/react-router-dom/index.d.ts"],"unresolvedImports":["@reduxjs/toolkit","axios","react-notifications","react-redux"],"kind":"action::set"}
[15:25:53.236] Response has been sent.
[15:25:53.680] Got install request {"projectName":"/dev/null/inferredProject1*","fileNames":["/home/munyiri/.emacs.d/.cache/lsp/npm/typescript/lib/node_modules/typescript/lib/lib.es5.d.ts","/home/munyiri/.emacs.d/.cache/lsp/npm/typescript/lib/node_modules/typescript/lib/lib.es2015.d.ts","/home/munyiri/.emacs.d/.cache/lsp/npm/typescript/lib/node_modules/typescript/lib/lib.es2016.d.ts","/home/munyiri/.emacs.d/.cache/lsp/npm/typescript/lib/node_modules/typescript/lib/lib.dom.d.ts","/home/munyiri/.emacs.d/.cache/lsp/npm/typescript/lib/node_modules/typescript/lib/lib.dom.iterable.d.ts","/home/munyiri/.emacs.d/.cache/lsp/npm/typescript/lib/node_modules/typescript/lib/lib.webworker.importscripts.d.ts","/home/munyiri/.emacs.d/.cache/lsp/npm/typescript/lib/node_modules/typescript/lib/lib.scripthost.d.ts","/home/munyiri/.emacs.d/.cache/lsp/npm/typescript/lib/node_modules/typescript/lib/lib.es2015.core.d.ts","/home/munyiri/.emacs.d/.cache/lsp/npm/typescript/lib/node_modules/typescript/lib/lib.es2015.collection.d.ts","/home/munyiri/.emacs.d/.cache/lsp/npm/typescript/lib/node_modules/typescript/lib/lib.es2015.generator.d.ts","/home/munyiri/.emacs.d/.cache/lsp/npm/typescript/lib/node_modules/typescript/lib/lib.es2015.iterable.d.ts","/home/munyiri/.emacs.d/.cache/lsp/npm/typescript/lib/node_modules/typescript/lib/lib.es2015.promise.d.ts","/home/munyiri/.emacs.d/.cache/lsp/npm/typescript/lib/node_modules/typescript/lib/lib.es2015.proxy.d.ts","/home/munyiri/.emacs.d/.cache/lsp/npm/typescript/lib/node_modules/typescript/lib/lib.es2015.reflect.d.ts","/home/munyiri/.emacs.d/.cache/lsp/npm/typescript/lib/node_modules/typescript/lib/lib.es2015.symbol.d.ts","/home/munyiri/.emacs.d/.cache/lsp/npm/typescript/lib/node_modules/typescript/lib/lib.es2015.symbol.wellknown.d.ts","/home/munyiri/.emacs.d/.cache/lsp/npm/typescript/lib/node_modules/typescript/lib/lib.es2016.array.include.d.ts","/home/munyiri/.emacs.d/.cache/lsp/npm/typescript/lib/node_modules/typescript/lib/lib.es2016.full.d.ts","/home/munyiri/.cache/typescript/4.8/node_modules/@types/react/global.d.ts","/home/munyiri/.cache/typescript/4.8/node_modules/@types/react/index.d.ts","/home/munyiri/.cache/typescript/4.8/node_modules/@types/react-router/index.d.ts","/home/munyiri/.cache/typescript/4.8/node_modules/@types/react-router-dom/index.d.ts","/home/munyiri/.cache/typescript/4.8/node_modules/@types/react-redux/index.d.ts","/home/munyiri/newjobapps/frontend/src/setToken.js","/home/munyiri/newjobapps/frontend/src/redux/logged.js","/home/munyiri/newjobapps/frontend/src/Addapplication.js","/home/munyiri/.cache/typescript/4.8/node_modules/@types/react-datetime-picker/index.d.ts","/home/munyiri/.cache/typescript/4.8/node_modules/@types/react-dom/index.d.ts"],"compilerOptions":{"module":1,"target":3,"jsx":1,"allowJs":true,"allowSyntheticDefaultImports":true,"allowNonTsExtensions":true,"noEmitForJsFiles":true,"maxNodeModuleJsDepth":2},"typeAcquisition":{"enable":true,"include":[],"exclude":[]},"unresolvedImports":["@reduxjs/toolkit","axios","react-notifications"],"projectRootPath":"/home/munyiri/newjobapps/frontend","kind":"discover"}
[15:25:53.680] Explicitly included types: []
[15:25:53.682] Typing names in '/home/munyiri/newjobapps/frontend/package.json' dependencies: ["@emotion/react","@emotion/styled","@mui/icons-material","@mui/material","@reduxjs/toolkit","@testing-library/jest-dom","@testing-library/react","@testing-library/user-event","axios","flowbite","react","react-datetime-picker","react-dom","react-notifications","react-redux","react-router","react-router-dom","react-scripts","react-spinners","redux-persist","web-vitals","autoprefixer","postcss","tailwindcss"]
[15:25:53.682] Inferred typings from unresolved imports: ["@reduxjs/toolkit","axios","react-notifications"]
[15:25:53.682] Result: {"cachedTypingPaths":["/home/munyiri/.cache/typescript/4.8/node_modules/@types/react/index.d.ts","/home/munyiri/.cache/typescript/4.8/node_modules/@types/react-datetime-picker/index.d.ts","/home/munyiri/.cache/typescript/4.8/node_modules/@types/react-dom/index.d.ts","/home/munyiri/.cache/typescript/4.8/node_modules/@types/react-redux/index.d.ts","/home/munyiri/.cache/typescript/4.8/node_modules/@types/react-router/index.d.ts","/home/munyiri/.cache/typescript/4.8/node_modules/@types/react-router-dom/index.d.ts"],"newTypingNames":["@emotion/react","@emotion/styled","@mui/icons-material","@mui/material","@reduxjs/toolkit","@testing-library/jest-dom","@testing-library/react","@testing-library/user-event","axios","flowbite","react-notifications","react-scripts","react-spinners","redux-persist","web-vitals","autoprefixer","postcss","tailwindcss"],"filesToWatch":["/home/munyiri/newjobapps/frontend/src/bower_components","/home/munyiri/newjobapps/frontend/src/node_modules","/home/munyiri/newjobapps/frontend/src/redux/bower_components","/home/munyiri/newjobapps/frontend/src/redux/node_modules","/home/munyiri/newjobapps/frontend/bower_components","/home/munyiri/newjobapps/frontend/package.json","/home/munyiri/newjobapps/frontend/node_modules"]}
[15:25:53.682] Finished typings discovery: {"cachedTypingPaths":["/home/munyiri/.cache/typescript/4.8/node_modules/@types/react/index.d.ts","/home/munyiri/.cache/typescript/4.8/node_modules/@types/react-datetime-picker/index.d.ts","/home/munyiri/.cache/typescript/4.8/node_modules/@types/react-dom/index.d.ts","/home/munyiri/.cache/typescript/4.8/node_modules/@types/react-redux/index.d.ts","/home/munyiri/.cache/typescript/4.8/node_modules/@types/react-router/index.d.ts","/home/munyiri/.cache/typescript/4.8/node_modules/@types/react-router-dom/index.d.ts"],"newTypingNames":["@emotion/react","@emotion/styled","@mui/icons-material","@mui/material","@reduxjs/toolkit","@testing-library/jest-dom","@testing-library/react","@testing-library/user-event","axios","flowbite","react-notifications","react-scripts","react-spinners","redux-persist","web-vitals","autoprefixer","postcss","tailwindcss"],"filesToWatch":["/home/munyiri/newjobapps/frontend/src/bower_components","/home/munyiri/newjobapps/frontend/src/node_modules","/home/munyiri/newjobapps/frontend/src/redux/bower_components","/home/munyiri/newjobapps/frontend/src/redux/node_modules","/home/munyiri/newjobapps/frontend/bower_components","/home/munyiri/newjobapps/frontend/package.json","/home/munyiri/newjobapps/frontend/node_modules"]}
[15:25:53.682] Installing typings ["@emotion/react","@emotion/styled","@mui/icons-material","@mui/material","@reduxjs/toolkit","@testing-library/jest-dom","@testing-library/react","@testing-library/user-event","axios","flowbite","react-notifications","react-scripts","react-spinners","redux-persist","web-vitals","autoprefixer","postcss","tailwindcss"]
[15:25:53.682] '@emotion/react':: Entry for package 'emotion__react' does not exist in local types registry - skipping...
[15:25:53.682] '@emotion/styled':: Entry for package 'emotion__styled' does not exist in local types registry - skipping...
[15:25:53.682] '@mui/icons-material':: Entry for package 'mui__icons-material' does not exist in local types registry - skipping...
[15:25:53.682] '@mui/material':: Entry for package 'mui__material' does not exist in local types registry - skipping...
[15:25:53.682] '@reduxjs/toolkit':: Entry for package 'reduxjs__toolkit' does not exist in local types registry - skipping...
[15:25:53.682] '@testing-library/jest-dom':: 'testing-library__jest-dom' already has an up-to-date typing - skipping...
[15:25:53.683] '@testing-library/react':: Entry for package 'testing-library__react' does not exist in local types registry - skipping...
[15:25:53.683] '@testing-library/user-event':: Entry for package 'testing-library__user-event' does not exist in local types registry - skipping...
[15:25:53.683] 'axios':: Entry for package 'axios' does not exist in local types registry - skipping...
[15:25:53.683] 'flowbite':: Entry for package 'flowbite' does not exist in local types registry - skipping...
[15:25:53.683] 'react-notifications':: Entry for package 'react-notifications' does not exist in local types registry - skipping...
[15:25:53.683] 'react-scripts':: Entry for package 'react-scripts' does not exist in local types registry - skipping...
[15:25:53.683] 'react-spinners':: Entry for package 'react-spinners' does not exist in local types registry - skipping...
[15:25:53.683] 'redux-persist':: Entry for package 'redux-persist' does not exist in local types registry - skipping...
[15:25:53.683] 'web-vitals':: Entry for package 'web-vitals' does not exist in local types registry - skipping...
[15:25:53.683] 'autoprefixer':: Entry for package 'autoprefixer' does not exist in local types registry - skipping...
[15:25:53.683] 'postcss':: Entry for package 'postcss' does not exist in local types registry - skipping...
[15:25:53.683] 'tailwindcss':: Entry for package 'tailwindcss' does not exist in local types registry - skipping...
[15:25:53.683] All typings are known to be missing or invalid - no need to install more typings
[15:25:53.683] Sending response:
    {"projectName":"/dev/null/inferredProject1*","typeAcquisition":{"enable":true,"include":[],"exclude":[]},"compilerOptions":{"module":1,"target":3,"jsx":1,"allowJs":true,"allowSyntheticDefaultImports":true,"allowNonTsExtensions":true,"noEmitForJsFiles":true,"maxNodeModuleJsDepth":2},"typings":["/home/munyiri/.cache/typescript/4.8/node_modules/@types/react/index.d.ts","/home/munyiri/.cache/typescript/4.8/node_modules/@types/react-datetime-picker/index.d.ts","/home/munyiri/.cache/typescript/4.8/node_modules/@types/react-dom/index.d.ts","/home/munyiri/.cache/typescript/4.8/node_modules/@types/react-redux/index.d.ts","/home/munyiri/.cache/typescript/4.8/node_modules/@types/react-router/index.d.ts","/home/munyiri/.cache/typescript/4.8/node_modules/@types/react-router-dom/index.d.ts"],"unresolvedImports":["@reduxjs/toolkit","axios","react-notifications"],"kind":"action::set"}
[15:25:53.683] Response has been sent.
[20:44:42.055] Got install request {"projectName":"/dev/null/inferredProject1*","fileNames":["/home/munyiri/.emacs.d/.cache/lsp/npm/typescript/lib/node_modules/typescript/lib/lib.es5.d.ts","/home/munyiri/.emacs.d/.cache/lsp/npm/typescript/lib/node_modules/typescript/lib/lib.es2015.d.ts","/home/munyiri/.emacs.d/.cache/lsp/npm/typescript/lib/node_modules/typescript/lib/lib.es2016.d.ts","/home/munyiri/.emacs.d/.cache/lsp/npm/typescript/lib/node_modules/typescript/lib/lib.dom.d.ts","/home/munyiri/.emacs.d/.cache/lsp/npm/typescript/lib/node_modules/typescript/lib/lib.dom.iterable.d.ts","/home/munyiri/.emacs.d/.cache/lsp/npm/typescript/lib/node_modules/typescript/lib/lib.webworker.importscripts.d.ts","/home/munyiri/.emacs.d/.cache/lsp/npm/typescript/lib/node_modules/typescript/lib/lib.scripthost.d.ts","/home/munyiri/.emacs.d/.cache/lsp/npm/typescript/lib/node_modules/typescript/lib/lib.es2015.core.d.ts","/home/munyiri/.emacs.d/.cache/lsp/npm/typescript/lib/node_modules/typescript/lib/lib.es2015.collection.d.ts","/home/munyiri/.emacs.d/.cache/lsp/npm/typescript/lib/node_modules/typescript/lib/lib.es2015.generator.d.ts","/home/munyiri/.emacs.d/.cache/lsp/npm/typescript/lib/node_modules/typescript/lib/lib.es2015.iterable.d.ts","/home/munyiri/.emacs.d/.cache/lsp/npm/typescript/lib/node_modules/typescript/lib/lib.es2015.promise.d.ts","/home/munyiri/.emacs.d/.cache/lsp/npm/typescript/lib/node_modules/typescript/lib/lib.es2015.proxy.d.ts","/home/munyiri/.emacs.d/.cache/lsp/npm/typescript/lib/node_modules/typescript/lib/lib.es2015.reflect.d.ts","/home/munyiri/.emacs.d/.cache/lsp/npm/typescript/lib/node_modules/typescript/lib/lib.es2015.symbol.d.ts","/home/munyiri/.emacs.d/.cache/lsp/npm/typescript/lib/node_modules/typescript/lib/lib.es2015.symbol.wellknown.d.ts","/home/munyiri/.emacs.d/.cache/lsp/npm/typescript/lib/node_modules/typescript/lib/lib.es2016.array.include.d.ts","/home/munyiri/.emacs.d/.cache/lsp/npm/typescript/lib/node_modules/typescript/lib/lib.es2016.full.d.ts","/home/munyiri/.cache/typescript/4.8/node_modules/@types/react/global.d.ts","/home/munyiri/.cache/typescript/4.8/node_modules/@types/react/index.d.ts","/home/munyiri/.cache/typescript/4.8/node_modules/@types/react-router/index.d.ts","/home/munyiri/.cache/typescript/4.8/node_modules/@types/react-router-dom/index.d.ts","/home/munyiri/.cache/typescript/4.8/node_modules/@types/react-redux/index.d.ts","/home/munyiri/newjobapps/frontend/src/setToken.js","/home/munyiri/newjobapps/frontend/src/redux/logged.js","/home/munyiri/newjobapps/frontend/src/Addapplication.js","/home/munyiri/newjobapps/frontend/src/Home.js","/home/munyiri/.cache/typescript/4.8/node_modules/@types/react-datetime-picker/index.d.ts","/home/munyiri/.cache/typescript/4.8/node_modules/@types/react-dom/index.d.ts"],"compilerOptions":{"module":1,"target":3,"jsx":1,"allowJs":true,"allowSyntheticDefaultImports":true,"allowNonTsExtensions":true,"noEmitForJsFiles":true,"maxNodeModuleJsDepth":2},"typeAcquisition":{"enable":true,"include":[],"exclude":[]},"unresolvedImports":["@mui/icons-material","@reduxjs/toolkit","axios","react-notifications","react-spinners"],"projectRootPath":"/home/munyiri/newjobapps/frontend","kind":"discover"}
[20:44:42.055] Explicitly included types: []
[20:44:42.057] Typing names in '/home/munyiri/newjobapps/frontend/package.json' dependencies: ["@emotion/react","@emotion/styled","@mui/icons-material","@mui/material","@reduxjs/toolkit","@testing-library/jest-dom","@testing-library/react","@testing-library/user-event","axios","flowbite","react","react-datetime-picker","react-dom","react-notifications","react-redux","react-router","react-router-dom","react-scripts","react-spinners","redux-persist","web-vitals","autoprefixer","postcss","tailwindcss"]
[20:44:42.057] Inferred typings from unresolved imports: ["@mui/icons-material","@reduxjs/toolkit","axios","react-notifications","react-spinners"]
[20:44:42.057] Result: {"cachedTypingPaths":["/home/munyiri/.cache/typescript/4.8/node_modules/@types/react/index.d.ts","/home/munyiri/.cache/typescript/4.8/node_modules/@types/react-datetime-picker/index.d.ts","/home/munyiri/.cache/typescript/4.8/node_modules/@types/react-dom/index.d.ts","/home/munyiri/.cache/typescript/4.8/node_modules/@types/react-redux/index.d.ts","/home/munyiri/.cache/typescript/4.8/node_modules/@types/react-router/index.d.ts","/home/munyiri/.cache/typescript/4.8/node_modules/@types/react-router-dom/index.d.ts"],"newTypingNames":["@emotion/react","@emotion/styled","@mui/icons-material","@mui/material","@reduxjs/toolkit","@testing-library/jest-dom","@testing-library/react","@testing-library/user-event","axios","flowbite","react-notifications","react-scripts","react-spinners","redux-persist","web-vitals","autoprefixer","postcss","tailwindcss"],"filesToWatch":["/home/munyiri/newjobapps/frontend/src/bower_components","/home/munyiri/newjobapps/frontend/src/node_modules","/home/munyiri/newjobapps/frontend/src/redux/bower_components","/home/munyiri/newjobapps/frontend/src/redux/node_modules","/home/munyiri/newjobapps/frontend/bower_components","/home/munyiri/newjobapps/frontend/package.json","/home/munyiri/newjobapps/frontend/node_modules"]}
[20:44:42.057] Finished typings discovery: {"cachedTypingPaths":["/home/munyiri/.cache/typescript/4.8/node_modules/@types/react/index.d.ts","/home/munyiri/.cache/typescript/4.8/node_modules/@types/react-datetime-picker/index.d.ts","/home/munyiri/.cache/typescript/4.8/node_modules/@types/react-dom/index.d.ts","/home/munyiri/.cache/typescript/4.8/node_modules/@types/react-redux/index.d.ts","/home/munyiri/.cache/typescript/4.8/node_modules/@types/react-router/index.d.ts","/home/munyiri/.cache/typescript/4.8/node_modules/@types/react-router-dom/index.d.ts"],"newTypingNames":["@emotion/react","@emotion/styled","@mui/icons-material","@mui/material","@reduxjs/toolkit","@testing-library/jest-dom","@testing-library/react","@testing-library/user-event","axios","flowbite","react-notifications","react-scripts","react-spinners","redux-persist","web-vitals","autoprefixer","postcss","tailwindcss"],"filesToWatch":["/home/munyiri/newjobapps/frontend/src/bower_components","/home/munyiri/newjobapps/frontend/src/node_modules","/home/munyiri/newjobapps/frontend/src/redux/bower_components","/home/munyiri/newjobapps/frontend/src/redux/node_modules","/home/munyiri/newjobapps/frontend/bower_components","/home/munyiri/newjobapps/frontend/package.json","/home/munyiri/newjobapps/frontend/node_modules"]}
[20:44:42.058] Installing typings ["@emotion/react","@emotion/styled","@mui/icons-material","@mui/material","@reduxjs/toolkit","@testing-library/jest-dom","@testing-library/react","@testing-library/user-event","axios","flowbite","react-notifications","react-scripts","react-spinners","redux-persist","web-vitals","autoprefixer","postcss","tailwindcss"]
[20:44:42.058] '@emotion/react':: Entry for package 'emotion__react' does not exist in local types registry - skipping...
[20:44:42.058] '@emotion/styled':: Entry for package 'emotion__styled' does not exist in local types registry - skipping...
[20:44:42.058] '@mui/icons-material':: Entry for package 'mui__icons-material' does not exist in local types registry - skipping...
[20:44:42.058] '@mui/material':: Entry for package 'mui__material' does not exist in local types registry - skipping...
[20:44:42.058] '@reduxjs/toolkit':: Entry for package 'reduxjs__toolkit' does not exist in local types registry - skipping...
[20:44:42.058] '@testing-library/jest-dom':: 'testing-library__jest-dom' already has an up-to-date typing - skipping...
[20:44:42.058] '@testing-library/react':: Entry for package 'testing-library__react' does not exist in local types registry - skipping...
[20:44:42.058] '@testing-library/user-event':: Entry for package 'testing-library__user-event' does not exist in local types registry - skipping...
[20:44:42.058] 'axios':: Entry for package 'axios' does not exist in local types registry - skipping...
[20:44:42.058] 'flowbite':: Entry for package 'flowbite' does not exist in local types registry - skipping...
[20:44:42.058] 'react-notifications':: Entry for package 'react-notifications' does not exist in local types registry - skipping...
[20:44:42.058] 'react-scripts':: Entry for package 'react-scripts' does not exist in local types registry - skipping...
[20:44:42.058] 'react-spinners':: Entry for package 'react-spinners' does not exist in local types registry - skipping...
[20:44:42.058] 'redux-persist':: Entry for package 'redux-persist' does not exist in local types registry - skipping...
[20:44:42.058] 'web-vitals':: Entry for package 'web-vitals' does not exist in local types registry - skipping...
[20:44:42.058] 'autoprefixer':: Entry for package 'autoprefixer' does not exist in local types registry - skipping...
[20:44:42.058] 'postcss':: Entry for package 'postcss' does not exist in local types registry - skipping...
[20:44:42.058] 'tailwindcss':: Entry for package 'tailwindcss' does not exist in local types registry - skipping...
[20:44:42.058] All typings are known to be missing or invalid - no need to install more typings
[20:44:42.058] Sending response:
    {"projectName":"/dev/null/inferredProject1*","typeAcquisition":{"enable":true,"include":[],"exclude":[]},"compilerOptions":{"module":1,"target":3,"jsx":1,"allowJs":true,"allowSyntheticDefaultImports":true,"allowNonTsExtensions":true,"noEmitForJsFiles":true,"maxNodeModuleJsDepth":2},"typings":["/home/munyiri/.cache/typescript/4.8/node_modules/@types/react/index.d.ts","/home/munyiri/.cache/typescript/4.8/node_modules/@types/react-datetime-picker/index.d.ts","/home/munyiri/.cache/typescript/4.8/node_modules/@types/react-dom/index.d.ts","/home/munyiri/.cache/typescript/4.8/node_modules/@types/react-redux/index.d.ts","/home/munyiri/.cache/typescript/4.8/node_modules/@types/react-router/index.d.ts","/home/munyiri/.cache/typescript/4.8/node_modules/@types/react-router-dom/index.d.ts"],"unresolvedImports":["@mui/icons-material","@reduxjs/toolkit","axios","react-notifications","react-spinners"],"kind":"action::set"}
[20:44:42.058] Response has been sent.
[05:31:35.551] Got install request {"projectName":"/dev/null/inferredProject1*","fileNames":["/home/munyiri/.emacs.d/.cache/lsp/npm/typescript/lib/node_modules/typescript/lib/lib.es5.d.ts","/home/munyiri/.emacs.d/.cache/lsp/npm/typescript/lib/node_modules/typescript/lib/lib.es2015.d.ts","/home/munyiri/.emacs.d/.cache/lsp/npm/typescript/lib/node_modules/typescript/lib/lib.es2016.d.ts","/home/munyiri/.emacs.d/.cache/lsp/npm/typescript/lib/node_modules/typescript/lib/lib.dom.d.ts","/home/munyiri/.emacs.d/.cache/lsp/npm/typescript/lib/node_modules/typescript/lib/lib.dom.iterable.d.ts","/home/munyiri/.emacs.d/.cache/lsp/npm/typescript/lib/node_modules/typescript/lib/lib.webworker.importscripts.d.ts","/home/munyiri/.emacs.d/.cache/lsp/npm/typescript/lib/node_modules/typescript/lib/lib.scripthost.d.ts","/home/munyiri/.emacs.d/.cache/lsp/npm/typescript/lib/node_modules/typescript/lib/lib.es2015.core.d.ts","/home/munyiri/.emacs.d/.cache/lsp/npm/typescript/lib/node_modules/typescript/lib/lib.es2015.collection.d.ts","/home/munyiri/.emacs.d/.cache/lsp/npm/typescript/lib/node_modules/typescript/lib/lib.es2015.generator.d.ts","/home/munyiri/.emacs.d/.cache/lsp/npm/typescript/lib/node_modules/typescript/lib/lib.es2015.iterable.d.ts","/home/munyiri/.emacs.d/.cache/lsp/npm/typescript/lib/node_modules/typescript/lib/lib.es2015.promise.d.ts","/home/munyiri/.emacs.d/.cache/lsp/npm/typescript/lib/node_modules/typescript/lib/lib.es2015.proxy.d.ts","/home/munyiri/.emacs.d/.cache/lsp/npm/typescript/lib/node_modules/typescript/lib/lib.es2015.reflect.d.ts","/home/munyiri/.emacs.d/.cache/lsp/npm/typescript/lib/node_modules/typescript/lib/lib.es2015.symbol.d.ts","/home/munyiri/.emacs.d/.cache/lsp/npm/typescript/lib/node_modules/typescript/lib/lib.es2015.symbol.wellknown.d.ts","/home/munyiri/.emacs.d/.cache/lsp/npm/typescript/lib/node_modules/typescript/lib/lib.es2016.array.include.d.ts","/home/munyiri/.emacs.d/.cache/lsp/npm/typescript/lib/node_modules/typescript/lib/lib.es2016.full.d.ts","/home/munyiri/.cache/typescript/4.8/node_modules/@types/react/global.d.ts","/home/munyiri/.cache/typescript/4.8/node_modules/@types/react/index.d.ts","/home/munyiri/.cache/typescript/4.8/node_modules/@types/react-router/index.d.ts","/home/munyiri/.cache/typescript/4.8/node_modules/@types/react-router-dom/index.d.ts","/home/munyiri/.cache/typescript/4.8/node_modules/@types/react-redux/index.d.ts","/home/munyiri/newjobapps/frontend/src/setToken.js","/home/munyiri/newjobapps/frontend/src/redux/logged.js","/home/munyiri/newjobapps/frontend/src/Addapplication.js","/home/munyiri/newjobapps/frontend/src/Home.js","/home/munyiri/newjobapps/frontend/src/Header.js","/home/munyiri/.cache/typescript/4.8/node_modules/@types/react-datetime-picker/index.d.ts","/home/munyiri/.cache/typescript/4.8/node_modules/@types/react-dom/index.d.ts"],"compilerOptions":{"module":1,"target":3,"jsx":1,"allowJs":true,"allowSyntheticDefaultImports":true,"allowNonTsExtensions":true,"noEmitForJsFiles":true,"maxNodeModuleJsDepth":2},"typeAcquisition":{"enable":true,"include":[],"exclude":[]},"unresolvedImports":["@mui/icons-material","@reduxjs/toolkit","axios","react-notifications","react-spinners"],"projectRootPath":"/home/munyiri/newjobapps/frontend","kind":"discover"}
[05:31:35.552] Explicitly included types: []
[05:31:35.554] Typing names in '/home/munyiri/newjobapps/frontend/package.json' dependencies: ["@emotion/react","@emotion/styled","@mui/icons-material","@mui/material","@reduxjs/toolkit","@testing-library/jest-dom","@testing-library/react","@testing-library/user-event","axios","flowbite","react","react-datetime-picker","react-dom","react-notifications","react-redux","react-router","react-router-dom","react-scripts","react-spinners","redux-persist","web-vitals","autoprefixer","postcss","tailwindcss"]
[05:31:35.554] Inferred typings from unresolved imports: ["@mui/icons-material","@reduxjs/toolkit","axios","react-notifications","react-spinners"]
[05:31:35.555] Result: {"cachedTypingPaths":["/home/munyiri/.cache/typescript/4.8/node_modules/@types/react/index.d.ts","/home/munyiri/.cache/typescript/4.8/node_modules/@types/react-datetime-picker/index.d.ts","/home/munyiri/.cache/typescript/4.8/node_modules/@types/react-dom/index.d.ts","/home/munyiri/.cache/typescript/4.8/node_modules/@types/react-redux/index.d.ts","/home/munyiri/.cache/typescript/4.8/node_modules/@types/react-router/index.d.ts","/home/munyiri/.cache/typescript/4.8/node_modules/@types/react-router-dom/index.d.ts"],"newTypingNames":["@emotion/react","@emotion/styled","@mui/icons-material","@mui/material","@reduxjs/toolkit","@testing-library/jest-dom","@testing-library/react","@testing-library/user-event","axios","flowbite","react-notifications","react-scripts","react-spinners","redux-persist","web-vitals","autoprefixer","postcss","tailwindcss"],"filesToWatch":["/home/munyiri/newjobapps/frontend/src/bower_components","/home/munyiri/newjobapps/frontend/src/node_modules","/home/munyiri/newjobapps/frontend/src/redux/bower_components","/home/munyiri/newjobapps/frontend/src/redux/node_modules","/home/munyiri/newjobapps/frontend/bower_components","/home/munyiri/newjobapps/frontend/package.json","/home/munyiri/newjobapps/frontend/node_modules"]}
[05:31:35.555] Finished typings discovery: {"cachedTypingPaths":["/home/munyiri/.cache/typescript/4.8/node_modules/@types/react/index.d.ts","/home/munyiri/.cache/typescript/4.8/node_modules/@types/react-datetime-picker/index.d.ts","/home/munyiri/.cache/typescript/4.8/node_modules/@types/react-dom/index.d.ts","/home/munyiri/.cache/typescript/4.8/node_modules/@types/react-redux/index.d.ts","/home/munyiri/.cache/typescript/4.8/node_modules/@types/react-router/index.d.ts","/home/munyiri/.cache/typescript/4.8/node_modules/@types/react-router-dom/index.d.ts"],"newTypingNames":["@emotion/react","@emotion/styled","@mui/icons-material","@mui/material","@reduxjs/toolkit","@testing-library/jest-dom","@testing-library/react","@testing-library/user-event","axios","flowbite","react-notifications","react-scripts","react-spinners","redux-persist","web-vitals","autoprefixer","postcss","tailwindcss"],"filesToWatch":["/home/munyiri/newjobapps/frontend/src/bower_components","/home/munyiri/newjobapps/frontend/src/node_modules","/home/munyiri/newjobapps/frontend/src/redux/bower_components","/home/munyiri/newjobapps/frontend/src/redux/node_modules","/home/munyiri/newjobapps/frontend/bower_components","/home/munyiri/newjobapps/frontend/package.json","/home/munyiri/newjobapps/frontend/node_modules"]}
[05:31:35.555] Installing typings ["@emotion/react","@emotion/styled","@mui/icons-material","@mui/material","@reduxjs/toolkit","@testing-library/jest-dom","@testing-library/react","@testing-library/user-event","axios","flowbite","react-notifications","react-scripts","react-spinners","redux-persist","web-vitals","autoprefixer","postcss","tailwindcss"]
[05:31:35.555] '@emotion/react':: Entry for package 'emotion__react' does not exist in local types registry - skipping...
[05:31:35.555] '@emotion/styled':: Entry for package 'emotion__styled' does not exist in local types registry - skipping...
[05:31:35.555] '@mui/icons-material':: Entry for package 'mui__icons-material' does not exist in local types registry - skipping...
[05:31:35.555] '@mui/material':: Entry for package 'mui__material' does not exist in local types registry - skipping...
[05:31:35.555] '@reduxjs/toolkit':: Entry for package 'reduxjs__toolkit' does not exist in local types registry - skipping...
[05:31:35.555] '@testing-library/jest-dom':: 'testing-library__jest-dom' already has an up-to-date typing - skipping...
[05:31:35.555] '@testing-library/react':: Entry for package 'testing-library__react' does not exist in local types registry - skipping...
[05:31:35.555] '@testing-library/user-event':: Entry for package 'testing-library__user-event' does not exist in local types registry - skipping...
[05:31:35.555] 'axios':: Entry for package 'axios' does not exist in local types registry - skipping...
[05:31:35.555] 'flowbite':: Entry for package 'flowbite' does not exist in local types registry - skipping...
[05:31:35.555] 'react-notifications':: Entry for package 'react-notifications' does not exist in local types registry - skipping...
[05:31:35.555] 'react-scripts':: Entry for package 'react-scripts' does not exist in local types registry - skipping...
[05:31:35.555] 'react-spinners':: Entry for package 'react-spinners' does not exist in local types registry - skipping...
[05:31:35.555] 'redux-persist':: Entry for package 'redux-persist' does not exist in local types registry - skipping...
[05:31:35.555] 'web-vitals':: Entry for package 'web-vitals' does not exist in local types registry - skipping...
[05:31:35.555] 'autoprefixer':: Entry for package 'autoprefixer' does not exist in local types registry - skipping...
[05:31:35.555] 'postcss':: Entry for package 'postcss' does not exist in local types registry - skipping...
[05:31:35.555] 'tailwindcss':: Entry for package 'tailwindcss' does not exist in local types registry - skipping...
[05:31:35.555] All typings are known to be missing or invalid - no need to install more typings
[05:31:35.555] Sending response:
    {"projectName":"/dev/null/inferredProject1*","typeAcquisition":{"enable":true,"include":[],"exclude":[]},"compilerOptions":{"module":1,"target":3,"jsx":1,"allowJs":true,"allowSyntheticDefaultImports":true,"allowNonTsExtensions":true,"noEmitForJsFiles":true,"maxNodeModuleJsDepth":2},"typings":["/home/munyiri/.cache/typescript/4.8/node_modules/@types/react/index.d.ts","/home/munyiri/.cache/typescript/4.8/node_modules/@types/react-datetime-picker/index.d.ts","/home/munyiri/.cache/typescript/4.8/node_modules/@types/react-dom/index.d.ts","/home/munyiri/.cache/typescript/4.8/node_modules/@types/react-redux/index.d.ts","/home/munyiri/.cache/typescript/4.8/node_modules/@types/react-router/index.d.ts","/home/munyiri/.cache/typescript/4.8/node_modules/@types/react-router-dom/index.d.ts"],"unresolvedImports":["@mui/icons-material","@reduxjs/toolkit","axios","react-notifications","react-spinners"],"kind":"action::set"}
[05:31:35.555] Response has been sent.
[05:32:17.924] sysLog:: onTimerToUpdateChildWatches:: 1
[05:32:17.928] sysLog:: invokingWatchers:: Elapsed:: 2.938829004764557ms:: 0
[05:32:17.929] DirectoryWatcher:: Triggered with /home/munyiri/newjobapps/frontend/src/#Header.js# 0:: WatchInfo: /home/munyiri/newjobapps/frontend/src 1 undefined Project: /dev/null/inferredProject1* watcher already invoked: false
[05:32:17.930] Elapsed:: 0.40805599093437195ms DirectoryWatcher:: Triggered with /home/munyiri/newjobapps/frontend/src/#Header.js# 0:: WatchInfo: /home/munyiri/newjobapps/frontend/src 1 undefined Project: /dev/null/inferredProject1* watcher already invoked: false
[05:32:17.930] sysLog:: Elapsed:: 5.310689002275467ms:: onTimerToUpdateChildWatches:: 0 undefined
[05:32:42.660] sysLog:: onTimerToUpdateChildWatches:: 1
[05:32:42.662] sysLog:: invokingWatchers:: Elapsed:: 1.4420360028743744ms:: 0
[05:32:42.663] DirectoryWatcher:: Triggered with /home/munyiri/newjobapps/frontend/src/#Header.js# 0:: WatchInfo: /home/munyiri/newjobapps/frontend/src 1 undefined Project: /dev/null/inferredProject1* watcher already invoked: false
[05:32:42.663] Elapsed:: 0.043698012828826904ms DirectoryWatcher:: Triggered with /home/munyiri/newjobapps/frontend/src/#Header.js# 0:: WatchInfo: /home/munyiri/newjobapps/frontend/src 1 undefined Project: /dev/null/inferredProject1* watcher already invoked: false
[05:32:42.663] sysLog:: Elapsed:: 2.2421440184116364ms:: onTimerToUpdateChildWatches:: 0 undefined
[05:35:59.509] Got install request {"projectName":"/dev/null/inferredProject1*","fileNames":["/home/munyiri/.emacs.d/.cache/lsp/npm/typescript/lib/node_modules/typescript/lib/lib.es5.d.ts","/home/munyiri/.emacs.d/.cache/lsp/npm/typescript/lib/node_modules/typescript/lib/lib.es2015.d.ts","/home/munyiri/.emacs.d/.cache/lsp/npm/typescript/lib/node_modules/typescript/lib/lib.es2016.d.ts","/home/munyiri/.emacs.d/.cache/lsp/npm/typescript/lib/node_modules/typescript/lib/lib.dom.d.ts","/home/munyiri/.emacs.d/.cache/lsp/npm/typescript/lib/node_modules/typescript/lib/lib.dom.iterable.d.ts","/home/munyiri/.emacs.d/.cache/lsp/npm/typescript/lib/node_modules/typescript/lib/lib.webworker.importscripts.d.ts","/home/munyiri/.emacs.d/.cache/lsp/npm/typescript/lib/node_modules/typescript/lib/lib.scripthost.d.ts","/home/munyiri/.emacs.d/.cache/lsp/npm/typescript/lib/node_modules/typescript/lib/lib.es2015.core.d.ts","/home/munyiri/.emacs.d/.cache/lsp/npm/typescript/lib/node_modules/typescript/lib/lib.es2015.collection.d.ts","/home/munyiri/.emacs.d/.cache/lsp/npm/typescript/lib/node_modules/typescript/lib/lib.es2015.generator.d.ts","/home/munyiri/.emacs.d/.cache/lsp/npm/typescript/lib/node_modules/typescript/lib/lib.es2015.iterable.d.ts","/home/munyiri/.emacs.d/.cache/lsp/npm/typescript/lib/node_modules/typescript/lib/lib.es2015.promise.d.ts","/home/munyiri/.emacs.d/.cache/lsp/npm/typescript/lib/node_modules/typescript/lib/lib.es2015.proxy.d.ts","/home/munyiri/.emacs.d/.cache/lsp/npm/typescript/lib/node_modules/typescript/lib/lib.es2015.reflect.d.ts","/home/munyiri/.emacs.d/.cache/lsp/npm/typescript/lib/node_modules/typescript/lib/lib.es2015.symbol.d.ts","/home/munyiri/.emacs.d/.cache/lsp/npm/typescript/lib/node_modules/typescript/lib/lib.es2015.symbol.wellknown.d.ts","/home/munyiri/.emacs.d/.cache/lsp/npm/typescript/lib/node_modules/typescript/lib/lib.es2016.array.include.d.ts","/home/munyiri/.emacs.d/.cache/lsp/npm/typescript/lib/node_modules/typescript/lib/lib.es2016.full.d.ts","/home/munyiri/.cache/typescript/4.8/node_modules/@types/react/global.d.ts","/home/munyiri/.cache/typescript/4.8/node_modules/@types/react/index.d.ts","/home/munyiri/.cache/typescript/4.8/node_modules/@types/react-router/index.d.ts","/home/munyiri/.cache/typescript/4.8/node_modules/@types/react-router-dom/index.d.ts","/home/munyiri/.cache/typescript/4.8/node_modules/@types/react-redux/index.d.ts","/home/munyiri/newjobapps/frontend/src/setToken.js","/home/munyiri/newjobapps/frontend/src/redux/logged.js","/home/munyiri/newjobapps/frontend/src/Addapplication.js","/home/munyiri/newjobapps/frontend/src/Home.js","/home/munyiri/newjobapps/frontend/src/Header.js","/home/munyiri/newjobapps/frontend/src/Login.js","/home/munyiri/.cache/typescript/4.8/node_modules/@types/react-datetime-picker/index.d.ts","/home/munyiri/.cache/typescript/4.8/node_modules/@types/react-dom/index.d.ts"],"compilerOptions":{"module":1,"target":3,"jsx":1,"allowJs":true,"allowSyntheticDefaultImports":true,"allowNonTsExtensions":true,"noEmitForJsFiles":true,"maxNodeModuleJsDepth":2},"typeAcquisition":{"enable":true,"include":[],"exclude":[]},"unresolvedImports":["@mui/icons-material","@reduxjs/toolkit","axios","react-notifications","react-spinners"],"projectRootPath":"/home/munyiri/newjobapps/frontend","kind":"discover"}
[05:35:59.510] Explicitly included types: []
[05:35:59.511] Typing names in '/home/munyiri/newjobapps/frontend/package.json' dependencies: ["@emotion/react","@emotion/styled","@mui/icons-material","@mui/material","@reduxjs/toolkit","@testing-library/jest-dom","@testing-library/react","@testing-library/user-event","axios","flowbite","react","react-datetime-picker","react-dom","react-notifications","react-redux","react-router","react-router-dom","react-scripts","react-spinners","redux-persist","web-vitals","autoprefixer","postcss","tailwindcss"]
[05:35:59.511] Inferred typings from unresolved imports: ["@mui/icons-material","@reduxjs/toolkit","axios","react-notifications","react-spinners"]
[05:35:59.511] Result: {"cachedTypingPaths":["/home/munyiri/.cache/typescript/4.8/node_modules/@types/react/index.d.ts","/home/munyiri/.cache/typescript/4.8/node_modules/@types/react-datetime-picker/index.d.ts","/home/munyiri/.cache/typescript/4.8/node_modules/@types/react-dom/index.d.ts","/home/munyiri/.cache/typescript/4.8/node_modules/@types/react-redux/index.d.ts","/home/munyiri/.cache/typescript/4.8/node_modules/@types/react-router/index.d.ts","/home/munyiri/.cache/typescript/4.8/node_modules/@types/react-router-dom/index.d.ts"],"newTypingNames":["@emotion/react","@emotion/styled","@mui/icons-material","@mui/material","@reduxjs/toolkit","@testing-library/jest-dom","@testing-library/react","@testing-library/user-event","axios","flowbite","react-notifications","react-scripts","react-spinners","redux-persist","web-vitals","autoprefixer","postcss","tailwindcss"],"filesToWatch":["/home/munyiri/newjobapps/frontend/src/bower_components","/home/munyiri/newjobapps/frontend/src/node_modules","/home/munyiri/newjobapps/frontend/src/redux/bower_components","/home/munyiri/newjobapps/frontend/src/redux/node_modules","/home/munyiri/newjobapps/frontend/bower_components","/home/munyiri/newjobapps/frontend/package.json","/home/munyiri/newjobapps/frontend/node_modules"]}
[05:35:59.511] Finished typings discovery: {"cachedTypingPaths":["/home/munyiri/.cache/typescript/4.8/node_modules/@types/react/index.d.ts","/home/munyiri/.cache/typescript/4.8/node_modules/@types/react-datetime-picker/index.d.ts","/home/munyiri/.cache/typescript/4.8/node_modules/@types/react-dom/index.d.ts","/home/munyiri/.cache/typescript/4.8/node_modules/@types/react-redux/index.d.ts","/home/munyiri/.cache/typescript/4.8/node_modules/@types/react-router/index.d.ts","/home/munyiri/.cache/typescript/4.8/node_modules/@types/react-router-dom/index.d.ts"],"newTypingNames":["@emotion/react","@emotion/styled","@mui/icons-material","@mui/material","@reduxjs/toolkit","@testing-library/jest-dom","@testing-library/react","@testing-library/user-event","axios","flowbite","react-notifications","react-scripts","react-spinners","redux-persist","web-vitals","autoprefixer","postcss","tailwindcss"],"filesToWatch":["/home/munyiri/newjobapps/frontend/src/bower_components","/home/munyiri/newjobapps/frontend/src/node_modules","/home/munyiri/newjobapps/frontend/src/redux/bower_components","/home/munyiri/newjobapps/frontend/src/redux/node_modules","/home/munyiri/newjobapps/frontend/bower_components","/home/munyiri/newjobapps/frontend/package.json","/home/munyiri/newjobapps/frontend/node_modules"]}
[05:35:59.512] Installing typings ["@emotion/react","@emotion/styled","@mui/icons-material","@mui/material","@reduxjs/toolkit","@testing-library/jest-dom","@testing-library/react","@testing-library/user-event","axios","flowbite","react-notifications","react-scripts","react-spinners","redux-persist","web-vitals","autoprefixer","postcss","tailwindcss"]
[05:35:59.512] '@emotion/react':: Entry for package 'emotion__react' does not exist in local types registry - skipping...
[05:35:59.512] '@emotion/styled':: Entry for package 'emotion__styled' does not exist in local types registry - skipping...
[05:35:59.512] '@mui/icons-material':: Entry for package 'mui__icons-material' does not exist in local types registry - skipping...
[05:35:59.512] '@mui/material':: Entry for package 'mui__material' does not exist in local types registry - skipping...
[05:35:59.512] '@reduxjs/toolkit':: Entry for package 'reduxjs__toolkit' does not exist in local types registry - skipping...
[05:35:59.512] '@testing-library/jest-dom':: 'testing-library__jest-dom' already has an up-to-date typing - skipping...
[05:35:59.512] '@testing-library/react':: Entry for package 'testing-library__react' does not exist in local types registry - skipping...
[05:35:59.512] '@testing-library/user-event':: Entry for package 'testing-library__user-event' does not exist in local types registry - skipping...
[05:35:59.512] 'axios':: Entry for package 'axios' does not exist in local types registry - skipping...
[05:35:59.512] 'flowbite':: Entry for package 'flowbite' does not exist in local types registry - skipping...
[05:35:59.512] 'react-notifications':: Entry for package 'react-notifications' does not exist in local types registry - skipping...
[05:35:59.512] 'react-scripts':: Entry for package 'react-scripts' does not exist in local types registry - skipping...
[05:35:59.512] 'react-spinners':: Entry for package 'react-spinners' does not exist in local types registry - skipping...
[05:35:59.512] 'redux-persist':: Entry for package 'redux-persist' does not exist in local types registry - skipping...
[05:35:59.512] 'web-vitals':: Entry for package 'web-vitals' does not exist in local types registry - skipping...
[05:35:59.512] 'autoprefixer':: Entry for package 'autoprefixer' does not exist in local types registry - skipping...
[05:35:59.512] 'postcss':: Entry for package 'postcss' does not exist in local types registry - skipping...
[05:35:59.512] 'tailwindcss':: Entry for package 'tailwindcss' does not exist in local types registry - skipping...
[05:35:59.512] All typings are known to be missing or invalid - no need to install more typings
[05:35:59.512] Sending response:
    {"projectName":"/dev/null/inferredProject1*","typeAcquisition":{"enable":true,"include":[],"exclude":[]},"compilerOptions":{"module":1,"target":3,"jsx":1,"allowJs":true,"allowSyntheticDefaultImports":true,"allowNonTsExtensions":true,"noEmitForJsFiles":true,"maxNodeModuleJsDepth":2},"typings":["/home/munyiri/.cache/typescript/4.8/node_modules/@types/react/index.d.ts","/home/munyiri/.cache/typescript/4.8/node_modules/@types/react-datetime-picker/index.d.ts","/home/munyiri/.cache/typescript/4.8/node_modules/@types/react-dom/index.d.ts","/home/munyiri/.cache/typescript/4.8/node_modules/@types/react-redux/index.d.ts","/home/munyiri/.cache/typescript/4.8/node_modules/@types/react-router/index.d.ts","/home/munyiri/.cache/typescript/4.8/node_modules/@types/react-router-dom/index.d.ts"],"unresolvedImports":["@mui/icons-material","@reduxjs/toolkit","axios","react-notifications","react-spinners"],"kind":"action::set"}
[05:35:59.512] Response has been sent.
[06:28:43.998] Got install request {"projectName":"/dev/null/inferredProject1*","fileNames":["/home/munyiri/.emacs.d/.cache/lsp/npm/typescript/lib/node_modules/typescript/lib/lib.es5.d.ts","/home/munyiri/.emacs.d/.cache/lsp/npm/typescript/lib/node_modules/typescript/lib/lib.es2015.d.ts","/home/munyiri/.emacs.d/.cache/lsp/npm/typescript/lib/node_modules/typescript/lib/lib.es2016.d.ts","/home/munyiri/.emacs.d/.cache/lsp/npm/typescript/lib/node_modules/typescript/lib/lib.dom.d.ts","/home/munyiri/.emacs.d/.cache/lsp/npm/typescript/lib/node_modules/typescript/lib/lib.dom.iterable.d.ts","/home/munyiri/.emacs.d/.cache/lsp/npm/typescript/lib/node_modules/typescript/lib/lib.webworker.importscripts.d.ts","/home/munyiri/.emacs.d/.cache/lsp/npm/typescript/lib/node_modules/typescript/lib/lib.scripthost.d.ts","/home/munyiri/.emacs.d/.cache/lsp/npm/typescript/lib/node_modules/typescript/lib/lib.es2015.core.d.ts","/home/munyiri/.emacs.d/.cache/lsp/npm/typescript/lib/node_modules/typescript/lib/lib.es2015.collection.d.ts","/home/munyiri/.emacs.d/.cache/lsp/npm/typescript/lib/node_modules/typescript/lib/lib.es2015.generator.d.ts","/home/munyiri/.emacs.d/.cache/lsp/npm/typescript/lib/node_modules/typescript/lib/lib.es2015.iterable.d.ts","/home/munyiri/.emacs.d/.cache/lsp/npm/typescript/lib/node_modules/typescript/lib/lib.es2015.promise.d.ts","/home/munyiri/.emacs.d/.cache/lsp/npm/typescript/lib/node_modules/typescript/lib/lib.es2015.proxy.d.ts","/home/munyiri/.emacs.d/.cache/lsp/npm/typescript/lib/node_modules/typescript/lib/lib.es2015.reflect.d.ts","/home/munyiri/.emacs.d/.cache/lsp/npm/typescript/lib/node_modules/typescript/lib/lib.es2015.symbol.d.ts","/home/munyiri/.emacs.d/.cache/lsp/npm/typescript/lib/node_modules/typescript/lib/lib.es2015.symbol.wellknown.d.ts","/home/munyiri/.emacs.d/.cache/lsp/npm/typescript/lib/node_modules/typescript/lib/lib.es2016.array.include.d.ts","/home/munyiri/.emacs.d/.cache/lsp/npm/typescript/lib/node_modules/typescript/lib/lib.es2016.full.d.ts","/home/munyiri/.cache/typescript/4.8/node_modules/@types/react/global.d.ts","/home/munyiri/.cache/typescript/4.8/node_modules/@types/react/index.d.ts","/home/munyiri/.cache/typescript/4.8/node_modules/@types/react-router/index.d.ts","/home/munyiri/.cache/typescript/4.8/node_modules/@types/react-router-dom/index.d.ts","/home/munyiri/.cache/typescript/4.8/node_modules/@types/react-redux/index.d.ts","/home/munyiri/newjobapps/frontend/src/setToken.js","/home/munyiri/newjobapps/frontend/src/redux/logged.js","/home/munyiri/newjobapps/frontend/src/Addapplication.js","/home/munyiri/newjobapps/frontend/src/Home.js","/home/munyiri/newjobapps/frontend/src/Header.js","/home/munyiri/newjobapps/frontend/src/Login.js","/home/munyiri/.cache/typescript/4.8/node_modules/@types/react-datetime-picker/index.d.ts","/home/munyiri/newjobapps/frontend/src/MyStats.js","/home/munyiri/.cache/typescript/4.8/node_modules/@types/react-dom/index.d.ts"],"compilerOptions":{"module":1,"target":3,"jsx":1,"allowJs":true,"allowSyntheticDefaultImports":true,"allowNonTsExtensions":true,"noEmitForJsFiles":true,"maxNodeModuleJsDepth":2},"typeAcquisition":{"enable":true,"include":[],"exclude":[]},"unresolvedImports":["@mui/icons-material","@reduxjs/toolkit","axios","react-notifications","react-spinners"],"projectRootPath":"/home/munyiri/newjobapps/frontend","kind":"discover"}
[06:28:43.998] Explicitly included types: []
[06:28:44.000] Typing names in '/home/munyiri/newjobapps/frontend/package.json' dependencies: ["@emotion/react","@emotion/styled","@mui/icons-material","@mui/material","@reduxjs/toolkit","@testing-library/jest-dom","@testing-library/react","@testing-library/user-event","axios","flowbite","react","react-datetime-picker","react-dom","react-notifications","react-redux","react-router","react-router-dom","react-scripts","react-spinners","redux-persist","web-vitals","autoprefixer","postcss","tailwindcss"]
[06:28:44.001] Inferred typings from unresolved imports: ["@mui/icons-material","@reduxjs/toolkit","axios","react-notifications","react-spinners"]
[06:28:44.001] Result: {"cachedTypingPaths":["/home/munyiri/.cache/typescript/4.8/node_modules/@types/react/index.d.ts","/home/munyiri/.cache/typescript/4.8/node_modules/@types/react-datetime-picker/index.d.ts","/home/munyiri/.cache/typescript/4.8/node_modules/@types/react-dom/index.d.ts","/home/munyiri/.cache/typescript/4.8/node_modules/@types/react-redux/index.d.ts","/home/munyiri/.cache/typescript/4.8/node_modules/@types/react-router/index.d.ts","/home/munyiri/.cache/typescript/4.8/node_modules/@types/react-router-dom/index.d.ts"],"newTypingNames":["@emotion/react","@emotion/styled","@mui/icons-material","@mui/material","@reduxjs/toolkit","@testing-library/jest-dom","@testing-library/react","@testing-library/user-event","axios","flowbite","react-notifications","react-scripts","react-spinners","redux-persist","web-vitals","autoprefixer","postcss","tailwindcss"],"filesToWatch":["/home/munyiri/newjobapps/frontend/src/bower_components","/home/munyiri/newjobapps/frontend/src/node_modules","/home/munyiri/newjobapps/frontend/src/redux/bower_components","/home/munyiri/newjobapps/frontend/src/redux/node_modules","/home/munyiri/newjobapps/frontend/bower_components","/home/munyiri/newjobapps/frontend/package.json","/home/munyiri/newjobapps/frontend/node_modules"]}
[06:28:44.001] Finished typings discovery: {"cachedTypingPaths":["/home/munyiri/.cache/typescript/4.8/node_modules/@types/react/index.d.ts","/home/munyiri/.cache/typescript/4.8/node_modules/@types/react-datetime-picker/index.d.ts","/home/munyiri/.cache/typescript/4.8/node_modules/@types/react-dom/index.d.ts","/home/munyiri/.cache/typescript/4.8/node_modules/@types/react-redux/index.d.ts","/home/munyiri/.cache/typescript/4.8/node_modules/@types/react-router/index.d.ts","/home/munyiri/.cache/typescript/4.8/node_modules/@types/react-router-dom/index.d.ts"],"newTypingNames":["@emotion/react","@emotion/styled","@mui/icons-material","@mui/material","@reduxjs/toolkit","@testing-library/jest-dom","@testing-library/react","@testing-library/user-event","axios","flowbite","react-notifications","react-scripts","react-spinners","redux-persist","web-vitals","autoprefixer","postcss","tailwindcss"],"filesToWatch":["/home/munyiri/newjobapps/frontend/src/bower_components","/home/munyiri/newjobapps/frontend/src/node_modules","/home/munyiri/newjobapps/frontend/src/redux/bower_components","/home/munyiri/newjobapps/frontend/src/redux/node_modules","/home/munyiri/newjobapps/frontend/bower_components","/home/munyiri/newjobapps/frontend/package.json","/home/munyiri/newjobapps/frontend/node_modules"]}
[06:28:44.001] Installing typings ["@emotion/react","@emotion/styled","@mui/icons-material","@mui/material","@reduxjs/toolkit","@testing-library/jest-dom","@testing-library/react","@testing-library/user-event","axios","flowbite","react-notifications","react-scripts","react-spinners","redux-persist","web-vitals","autoprefixer","postcss","tailwindcss"]
[06:28:44.001] '@emotion/react':: Entry for package 'emotion__react' does not exist in local types registry - skipping...
[06:28:44.001] '@emotion/styled':: Entry for package 'emotion__styled' does not exist in local types registry - skipping...
[06:28:44.001] '@mui/icons-material':: Entry for package 'mui__icons-material' does not exist in local types registry - skipping...
[06:28:44.001] '@mui/material':: Entry for package 'mui__material' does not exist in local types registry - skipping...
[06:28:44.001] '@reduxjs/toolkit':: Entry for package 'reduxjs__toolkit' does not exist in local types registry - skipping...
[06:28:44.001] '@testing-library/jest-dom':: 'testing-library__jest-dom' already has an up-to-date typing - skipping...
[06:28:44.001] '@testing-library/react':: Entry for package 'testing-library__react' does not exist in local types registry - skipping...
[06:28:44.001] '@testing-library/user-event':: Entry for package 'testing-library__user-event' does not exist in local types registry - skipping...
[06:28:44.002] 'axios':: Entry for package 'axios' does not exist in local types registry - skipping...
[06:28:44.002] 'flowbite':: Entry for package 'flowbite' does not exist in local types registry - skipping...
[06:28:44.002] 'react-notifications':: Entry for package 'react-notifications' does not exist in local types registry - skipping...
[06:28:44.002] 'react-scripts':: Entry for package 'react-scripts' does not exist in local types registry - skipping...
[06:28:44.002] 'react-spinners':: Entry for package 'react-spinners' does not exist in local types registry - skipping...
[06:28:44.002] 'redux-persist':: Entry for package 'redux-persist' does not exist in local types registry - skipping...
[06:28:44.002] 'web-vitals':: Entry for package 'web-vitals' does not exist in local types registry - skipping...
[06:28:44.002] 'autoprefixer':: Entry for package 'autoprefixer' does not exist in local types registry - skipping...
[06:28:44.002] 'postcss':: Entry for package 'postcss' does not exist in local types registry - skipping...
[06:28:44.002] 'tailwindcss':: Entry for package 'tailwindcss' does not exist in local types registry - skipping...
[06:28:44.002] All typings are known to be missing or invalid - no need to install more typings
[06:28:44.002] Sending response:
    {"projectName":"/dev/null/inferredProject1*","typeAcquisition":{"enable":true,"include":[],"exclude":[]},"compilerOptions":{"module":1,"target":3,"jsx":1,"allowJs":true,"allowSyntheticDefaultImports":true,"allowNonTsExtensions":true,"noEmitForJsFiles":true,"maxNodeModuleJsDepth":2},"typings":["/home/munyiri/.cache/typescript/4.8/node_modules/@types/react/index.d.ts","/home/munyiri/.cache/typescript/4.8/node_modules/@types/react-datetime-picker/index.d.ts","/home/munyiri/.cache/typescript/4.8/node_modules/@types/react-dom/index.d.ts","/home/munyiri/.cache/typescript/4.8/node_modules/@types/react-redux/index.d.ts","/home/munyiri/.cache/typescript/4.8/node_modules/@types/react-router/index.d.ts","/home/munyiri/.cache/typescript/4.8/node_modules/@types/react-router-dom/index.d.ts"],"unresolvedImports":["@mui/icons-material","@reduxjs/toolkit","axios","react-notifications","react-spinners"],"kind":"action::set"}
[06:28:44.002] Response has been sent.
[06:30:13.000] Got install request {"projectName":"/dev/null/inferredProject1*","fileNames":["/home/munyiri/.emacs.d/.cache/lsp/npm/typescript/lib/node_modules/typescript/lib/lib.es5.d.ts","/home/munyiri/.emacs.d/.cache/lsp/npm/typescript/lib/node_modules/typescript/lib/lib.es2015.d.ts","/home/munyiri/.emacs.d/.cache/lsp/npm/typescript/lib/node_modules/typescript/lib/lib.es2016.d.ts","/home/munyiri/.emacs.d/.cache/lsp/npm/typescript/lib/node_modules/typescript/lib/lib.dom.d.ts","/home/munyiri/.emacs.d/.cache/lsp/npm/typescript/lib/node_modules/typescript/lib/lib.dom.iterable.d.ts","/home/munyiri/.emacs.d/.cache/lsp/npm/typescript/lib/node_modules/typescript/lib/lib.webworker.importscripts.d.ts","/home/munyiri/.emacs.d/.cache/lsp/npm/typescript/lib/node_modules/typescript/lib/lib.scripthost.d.ts","/home/munyiri/.emacs.d/.cache/lsp/npm/typescript/lib/node_modules/typescript/lib/lib.es2015.core.d.ts","/home/munyiri/.emacs.d/.cache/lsp/npm/typescript/lib/node_modules/typescript/lib/lib.es2015.collection.d.ts","/home/munyiri/.emacs.d/.cache/lsp/npm/typescript/lib/node_modules/typescript/lib/lib.es2015.generator.d.ts","/home/munyiri/.emacs.d/.cache/lsp/npm/typescript/lib/node_modules/typescript/lib/lib.es2015.iterable.d.ts","/home/munyiri/.emacs.d/.cache/lsp/npm/typescript/lib/node_modules/typescript/lib/lib.es2015.promise.d.ts","/home/munyiri/.emacs.d/.cache/lsp/npm/typescript/lib/node_modules/typescript/lib/lib.es2015.proxy.d.ts","/home/munyiri/.emacs.d/.cache/lsp/npm/typescript/lib/node_modules/typescript/lib/lib.es2015.reflect.d.ts","/home/munyiri/.emacs.d/.cache/lsp/npm/typescript/lib/node_modules/typescript/lib/lib.es2015.symbol.d.ts","/home/munyiri/.emacs.d/.cache/lsp/npm/typescript/lib/node_modules/typescript/lib/lib.es2015.symbol.wellknown.d.ts","/home/munyiri/.emacs.d/.cache/lsp/npm/typescript/lib/node_modules/typescript/lib/lib.es2016.array.include.d.ts","/home/munyiri/.emacs.d/.cache/lsp/npm/typescript/lib/node_modules/typescript/lib/lib.es2016.full.d.ts","/home/munyiri/.cache/typescript/4.8/node_modules/@types/react/global.d.ts","/home/munyiri/.cache/typescript/4.8/node_modules/@types/react/index.d.ts","/home/munyiri/.cache/typescript/4.8/node_modules/@types/react-router/index.d.ts","/home/munyiri/.cache/typescript/4.8/node_modules/@types/react-router-dom/index.d.ts","/home/munyiri/.cache/typescript/4.8/node_modules/@types/react-redux/index.d.ts","/home/munyiri/newjobapps/frontend/src/setToken.js","/home/munyiri/newjobapps/frontend/src/redux/logged.js","/home/munyiri/newjobapps/frontend/src/Addapplication.js","/home/munyiri/newjobapps/frontend/src/Home.js","/home/munyiri/newjobapps/frontend/src/Header.js","/home/munyiri/newjobapps/frontend/src/Login.js","/home/munyiri/.cache/typescript/4.8/node_modules/@types/react-datetime-picker/index.d.ts","/home/munyiri/newjobapps/frontend/src/MyStats.js","/home/munyiri/newjobapps/frontend/src/Signup.js","/home/munyiri/.cache/typescript/4.8/node_modules/@types/react-dom/index.d.ts"],"compilerOptions":{"module":1,"target":3,"jsx":1,"allowJs":true,"allowSyntheticDefaultImports":true,"allowNonTsExtensions":true,"noEmitForJsFiles":true,"maxNodeModuleJsDepth":2},"typeAcquisition":{"enable":true,"include":[],"exclude":[]},"unresolvedImports":["@mui/icons-material","@reduxjs/toolkit","axios","react-notifications","react-spinners"],"projectRootPath":"/home/munyiri/newjobapps/frontend","kind":"discover"}
[06:30:13.000] Explicitly included types: []
[06:30:13.009] Typing names in '/home/munyiri/newjobapps/frontend/package.json' dependencies: ["@emotion/react","@emotion/styled","@mui/icons-material","@mui/material","@reduxjs/toolkit","@testing-library/jest-dom","@testing-library/react","@testing-library/user-event","axios","flowbite","react","react-datetime-picker","react-dom","react-notifications","react-redux","react-router","react-router-dom","react-scripts","react-spinners","redux-persist","web-vitals","autoprefixer","postcss","tailwindcss"]
[06:30:13.010] Inferred typings from unresolved imports: ["@mui/icons-material","@reduxjs/toolkit","axios","react-notifications","react-spinners"]
[06:30:13.010] Result: {"cachedTypingPaths":["/home/munyiri/.cache/typescript/4.8/node_modules/@types/react/index.d.ts","/home/munyiri/.cache/typescript/4.8/node_modules/@types/react-datetime-picker/index.d.ts","/home/munyiri/.cache/typescript/4.8/node_modules/@types/react-dom/index.d.ts","/home/munyiri/.cache/typescript/4.8/node_modules/@types/react-redux/index.d.ts","/home/munyiri/.cache/typescript/4.8/node_modules/@types/react-router/index.d.ts","/home/munyiri/.cache/typescript/4.8/node_modules/@types/react-router-dom/index.d.ts"],"newTypingNames":["@emotion/react","@emotion/styled","@mui/icons-material","@mui/material","@reduxjs/toolkit","@testing-library/jest-dom","@testing-library/react","@testing-library/user-event","axios","flowbite","react-notifications","react-scripts","react-spinners","redux-persist","web-vitals","autoprefixer","postcss","tailwindcss"],"filesToWatch":["/home/munyiri/newjobapps/frontend/src/bower_components","/home/munyiri/newjobapps/frontend/src/node_modules","/home/munyiri/newjobapps/frontend/src/redux/bower_components","/home/munyiri/newjobapps/frontend/src/redux/node_modules","/home/munyiri/newjobapps/frontend/bower_components","/home/munyiri/newjobapps/frontend/package.json","/home/munyiri/newjobapps/frontend/node_modules"]}
[06:30:13.010] Finished typings discovery: {"cachedTypingPaths":["/home/munyiri/.cache/typescript/4.8/node_modules/@types/react/index.d.ts","/home/munyiri/.cache/typescript/4.8/node_modules/@types/react-datetime-picker/index.d.ts","/home/munyiri/.cache/typescript/4.8/node_modules/@types/react-dom/index.d.ts","/home/munyiri/.cache/typescript/4.8/node_modules/@types/react-redux/index.d.ts","/home/munyiri/.cache/typescript/4.8/node_modules/@types/react-router/index.d.ts","/home/munyiri/.cache/typescript/4.8/node_modules/@types/react-router-dom/index.d.ts"],"newTypingNames":["@emotion/react","@emotion/styled","@mui/icons-material","@mui/material","@reduxjs/toolkit","@testing-library/jest-dom","@testing-library/react","@testing-library/user-event","axios","flowbite","react-notifications","react-scripts","react-spinners","redux-persist","web-vitals","autoprefixer","postcss","tailwindcss"],"filesToWatch":["/home/munyiri/newjobapps/frontend/src/bower_components","/home/munyiri/newjobapps/frontend/src/node_modules","/home/munyiri/newjobapps/frontend/src/redux/bower_components","/home/munyiri/newjobapps/frontend/src/redux/node_modules","/home/munyiri/newjobapps/frontend/bower_components","/home/munyiri/newjobapps/frontend/package.json","/home/munyiri/newjobapps/frontend/node_modules"]}
[06:30:13.011] Installing typings ["@emotion/react","@emotion/styled","@mui/icons-material","@mui/material","@reduxjs/toolkit","@testing-library/jest-dom","@testing-library/react","@testing-library/user-event","axios","flowbite","react-notifications","react-scripts","react-spinners","redux-persist","web-vitals","autoprefixer","postcss","tailwindcss"]
[06:30:13.011] '@emotion/react':: Entry for package 'emotion__react' does not exist in local types registry - skipping...
[06:30:13.011] '@emotion/styled':: Entry for package 'emotion__styled' does not exist in local types registry - skipping...
[06:30:13.012] '@mui/icons-material':: Entry for package 'mui__icons-material' does not exist in local types registry - skipping...
[06:30:13.012] '@mui/material':: Entry for package 'mui__material' does not exist in local types registry - skipping...
[06:30:13.012] '@reduxjs/toolkit':: Entry for package 'reduxjs__toolkit' does not exist in local types registry - skipping...
[06:30:13.012] '@testing-library/jest-dom':: 'testing-library__jest-dom' already has an up-to-date typing - skipping...
[06:30:13.012] '@testing-library/react':: Entry for package 'testing-library__react' does not exist in local types registry - skipping...
[06:30:13.012] '@testing-library/user-event':: Entry for package 'testing-library__user-event' does not exist in local types registry - skipping...
[06:30:13.012] 'axios':: Entry for package 'axios' does not exist in local types registry - skipping...
[06:30:13.013] 'flowbite':: Entry for package 'flowbite' does not exist in local types registry - skipping...
[06:30:13.013] 'react-notifications':: Entry for package 'react-notifications' does not exist in local types registry - skipping...
[06:30:13.013] 'react-scripts':: Entry for package 'react-scripts' does not exist in local types registry - skipping...
[06:30:13.013] 'react-spinners':: Entry for package 'react-spinners' does not exist in local types registry - skipping...
[06:30:13.013] 'redux-persist':: Entry for package 'redux-persist' does not exist in local types registry - skipping...
[06:30:13.013] 'web-vitals':: Entry for package 'web-vitals' does not exist in local types registry - skipping...
[06:30:13.013] 'autoprefixer':: Entry for package 'autoprefixer' does not exist in local types registry - skipping...
[06:30:13.013] 'postcss':: Entry for package 'postcss' does not exist in local types registry - skipping...
[06:30:13.013] 'tailwindcss':: Entry for package 'tailwindcss' does not exist in local types registry - skipping...
[06:30:13.014] All typings are known to be missing or invalid - no need to install more typings
[06:30:13.014] Sending response:
    {"projectName":"/dev/null/inferredProject1*","typeAcquisition":{"enable":true,"include":[],"exclude":[]},"compilerOptions":{"module":1,"target":3,"jsx":1,"allowJs":true,"allowSyntheticDefaultImports":true,"allowNonTsExtensions":true,"noEmitForJsFiles":true,"maxNodeModuleJsDepth":2},"typings":["/home/munyiri/.cache/typescript/4.8/node_modules/@types/react/index.d.ts","/home/munyiri/.cache/typescript/4.8/node_modules/@types/react-datetime-picker/index.d.ts","/home/munyiri/.cache/typescript/4.8/node_modules/@types/react-dom/index.d.ts","/home/munyiri/.cache/typescript/4.8/node_modules/@types/react-redux/index.d.ts","/home/munyiri/.cache/typescript/4.8/node_modules/@types/react-router/index.d.ts","/home/munyiri/.cache/typescript/4.8/node_modules/@types/react-router-dom/index.d.ts"],"unresolvedImports":["@mui/icons-material","@reduxjs/toolkit","axios","react-notifications","react-spinners"],"kind":"action::set"}
[06:30:13.014] Response has been sent.
